{"/home/kajisaab/Documents/college/3rd/engineer_management/SkillSync/auth-service/src/app.js": {"path":"/home/kajisaab/Documents/college/3rd/engineer_management/SkillSync/auth-service/src/app.js","statementMap":{"0":{"start":{"line":6,"column":0},"end":{"line":6,"column":27}},"1":{"start":{"line":7,"column":16},"end":{"line":7,"column":34}},"2":{"start":{"line":8,"column":15},"end":{"line":8,"column":32}},"3":{"start":{"line":9,"column":13},"end":{"line":9,"column":28}},"4":{"start":{"line":10,"column":15},"end":{"line":10,"column":32}},"5":{"start":{"line":11,"column":19},"end":{"line":11,"column":50}},"6":{"start":{"line":12,"column":24},"end":{"line":12,"column":63}},"7":{"start":{"line":16,"column":4},"end":{"line":16,"column":45}},"8":{"start":{"line":19,"column":12},"end":{"line":19,"column":21}},"9":{"start":{"line":22,"column":0},"end":{"line":22,"column":18}},"10":{"start":{"line":25,"column":0},"end":{"line":30,"column":2}},"11":{"start":{"line":32,"column":0},"end":{"line":36,"column":1}},"12":{"start":{"line":33,"column":2},"end":{"line":33,"column":25}},"13":{"start":{"line":35,"column":2},"end":{"line":35,"column":30}},"14":{"start":{"line":38,"column":0},"end":{"line":38,"column":41}},"15":{"start":{"line":40,"column":0},"end":{"line":40,"column":63}},"16":{"start":{"line":42,"column":0},"end":{"line":42,"column":32}},"17":{"start":{"line":44,"column":0},"end":{"line":44,"column":33}},"18":{"start":{"line":46,"column":0},"end":{"line":46,"column":25}},"19":{"start":{"line":49,"column":0},"end":{"line":49,"column":22}},"20":{"start":{"line":51,"column":0},"end":{"line":51,"column":21}}},"fnMap":{},"branchMap":{"0":{"loc":{"start":{"line":27,"column":12},"end":{"line":27,"column":42}},"type":"binary-expr","locations":[{"start":{"line":27,"column":12},"end":{"line":27,"column":35}},{"start":{"line":27,"column":39},"end":{"line":27,"column":42}}],"line":27},"1":{"loc":{"start":{"line":32,"column":0},"end":{"line":36,"column":1}},"type":"if","locations":[{"start":{"line":32,"column":0},"end":{"line":36,"column":1}},{"start":{"line":34,"column":7},"end":{"line":36,"column":1}}],"line":32}},"s":{"0":2,"1":2,"2":2,"3":2,"4":2,"5":2,"6":2,"7":2,"8":2,"9":2,"10":2,"11":2,"12":0,"13":2,"14":2,"15":2,"16":2,"17":2,"18":2,"19":2,"20":2},"f":{},"b":{"0":[2,2],"1":[0,2]},"_coverageSchema":"1a1c01bbd47fc00a2c39e90264f33305004495a9","hash":"514c45b35fcff282095c7db248c1d6c946ff9b99"}
,"/home/kajisaab/Documents/college/3rd/engineer_management/SkillSync/auth-service/src/controller/auth.controller.js": {"path":"/home/kajisaab/Documents/college/3rd/engineer_management/SkillSync/auth-service/src/controller/auth.controller.js","statementMap":{"0":{"start":{"line":6,"column":20},"end":{"line":6,"column":55}},"1":{"start":{"line":7,"column":25},"end":{"line":7,"column":55}},"2":{"start":{"line":13,"column":17},"end":{"line":26,"column":2}},"3":{"start":{"line":14,"column":17},"end":{"line":14,"column":53}},"4":{"start":{"line":16,"column":2},"end":{"line":25,"column":5}},"5":{"start":{"line":32,"column":14},"end":{"line":46,"column":2}},"6":{"start":{"line":33,"column":30},"end":{"line":33,"column":38}},"7":{"start":{"line":34,"column":17},"end":{"line":34,"column":57}},"8":{"start":{"line":36,"column":2},"end":{"line":45,"column":5}},"9":{"start":{"line":52,"column":16},"end":{"line":64,"column":2}},"10":{"start":{"line":53,"column":27},"end":{"line":53,"column":35}},"11":{"start":{"line":54,"column":17},"end":{"line":54,"column":56}},"12":{"start":{"line":56,"column":2},"end":{"line":63,"column":5}},"13":{"start":{"line":70,"column":15},"end":{"line":82,"column":2}},"14":{"start":{"line":72,"column":18},"end":{"line":72,"column":34}},"15":{"start":{"line":74,"column":2},"end":{"line":76,"column":3}},"16":{"start":{"line":75,"column":4},"end":{"line":75,"column":38}},"17":{"start":{"line":78,"column":2},"end":{"line":81,"column":5}},"18":{"start":{"line":88,"column":20},"end":{"line":97,"column":2}},"19":{"start":{"line":89,"column":20},"end":{"line":89,"column":28}},"20":{"start":{"line":90,"column":17},"end":{"line":90,"column":53}},"21":{"start":{"line":92,"column":2},"end":{"line":96,"column":5}},"22":{"start":{"line":103,"column":29},"end":{"line":115,"column":2}},"23":{"start":{"line":104,"column":20},"end":{"line":104,"column":28}},"24":{"start":{"line":105,"column":17},"end":{"line":105,"column":62}},"25":{"start":{"line":107,"column":2},"end":{"line":114,"column":5}},"26":{"start":{"line":121,"column":22},"end":{"line":129,"column":2}},"27":{"start":{"line":122,"column":33},"end":{"line":122,"column":41}},"28":{"start":{"line":123,"column":17},"end":{"line":123,"column":68}},"29":{"start":{"line":125,"column":2},"end":{"line":128,"column":5}},"30":{"start":{"line":135,"column":23},"end":{"line":149,"column":2}},"31":{"start":{"line":136,"column":43},"end":{"line":136,"column":51}},"32":{"start":{"line":137,"column":17},"end":{"line":137,"column":32}},"33":{"start":{"line":139,"column":17},"end":{"line":143,"column":3}},"34":{"start":{"line":145,"column":2},"end":{"line":148,"column":5}},"35":{"start":{"line":155,"column":19},"end":{"line":163,"column":2}},"36":{"start":{"line":156,"column":17},"end":{"line":156,"column":32}},"37":{"start":{"line":157,"column":15},"end":{"line":157,"column":51}},"38":{"start":{"line":159,"column":2},"end":{"line":162,"column":5}},"39":{"start":{"line":169,"column":22},"end":{"line":178,"column":2}},"40":{"start":{"line":170,"column":17},"end":{"line":170,"column":32}},"41":{"start":{"line":171,"column":22},"end":{"line":171,"column":71}},"42":{"start":{"line":173,"column":2},"end":{"line":177,"column":5}},"43":{"start":{"line":184,"column":20},"end":{"line":192,"column":2}},"44":{"start":{"line":185,"column":2},"end":{"line":191,"column":5}},"45":{"start":{"line":194,"column":0},"end":{"line":206,"column":2}}},"fnMap":{"0":{"name":"(anonymous_0)","decl":{"start":{"line":13,"column":30},"end":{"line":13,"column":31}},"loc":{"start":{"line":13,"column":50},"end":{"line":26,"column":1}},"line":13},"1":{"name":"(anonymous_1)","decl":{"start":{"line":32,"column":27},"end":{"line":32,"column":28}},"loc":{"start":{"line":32,"column":47},"end":{"line":46,"column":1}},"line":32},"2":{"name":"(anonymous_2)","decl":{"start":{"line":52,"column":29},"end":{"line":52,"column":30}},"loc":{"start":{"line":52,"column":49},"end":{"line":64,"column":1}},"line":52},"3":{"name":"(anonymous_3)","decl":{"start":{"line":70,"column":28},"end":{"line":70,"column":29}},"loc":{"start":{"line":70,"column":48},"end":{"line":82,"column":1}},"line":70},"4":{"name":"(anonymous_4)","decl":{"start":{"line":88,"column":33},"end":{"line":88,"column":34}},"loc":{"start":{"line":88,"column":53},"end":{"line":97,"column":1}},"line":88},"5":{"name":"(anonymous_5)","decl":{"start":{"line":103,"column":42},"end":{"line":103,"column":43}},"loc":{"start":{"line":103,"column":62},"end":{"line":115,"column":1}},"line":103},"6":{"name":"(anonymous_6)","decl":{"start":{"line":121,"column":35},"end":{"line":121,"column":36}},"loc":{"start":{"line":121,"column":55},"end":{"line":129,"column":1}},"line":121},"7":{"name":"(anonymous_7)","decl":{"start":{"line":135,"column":36},"end":{"line":135,"column":37}},"loc":{"start":{"line":135,"column":56},"end":{"line":149,"column":1}},"line":135},"8":{"name":"(anonymous_8)","decl":{"start":{"line":155,"column":32},"end":{"line":155,"column":33}},"loc":{"start":{"line":155,"column":52},"end":{"line":163,"column":1}},"line":155},"9":{"name":"(anonymous_9)","decl":{"start":{"line":169,"column":35},"end":{"line":169,"column":36}},"loc":{"start":{"line":169,"column":55},"end":{"line":178,"column":1}},"line":169},"10":{"name":"(anonymous_10)","decl":{"start":{"line":184,"column":33},"end":{"line":184,"column":34}},"loc":{"start":{"line":184,"column":53},"end":{"line":192,"column":1}},"line":184}},"branchMap":{"0":{"loc":{"start":{"line":74,"column":2},"end":{"line":76,"column":3}},"type":"if","locations":[{"start":{"line":74,"column":2},"end":{"line":76,"column":3}},{"start":{},"end":{}}],"line":74},"1":{"loc":{"start":{"line":111,"column":8},"end":{"line":113,"column":5}},"type":"binary-expr","locations":[{"start":{"line":111,"column":8},"end":{"line":111,"column":46}},{"start":{"line":111,"column":50},"end":{"line":113,"column":5}}],"line":111}},"s":{"0":2,"1":2,"2":2,"3":5,"4":3,"5":2,"6":6,"7":6,"8":2,"9":2,"10":2,"11":2,"12":1,"13":2,"14":0,"15":0,"16":0,"17":0,"18":2,"19":0,"20":0,"21":0,"22":2,"23":0,"24":0,"25":0,"26":2,"27":0,"28":0,"29":0,"30":2,"31":0,"32":0,"33":0,"34":0,"35":2,"36":2,"37":2,"38":2,"39":2,"40":0,"41":0,"42":0,"43":2,"44":1,"45":2},"f":{"0":5,"1":6,"2":2,"3":0,"4":0,"5":0,"6":0,"7":0,"8":2,"9":0,"10":1},"b":{"0":[0,0],"1":[0,0]},"_coverageSchema":"1a1c01bbd47fc00a2c39e90264f33305004495a9","hash":"384161f905c640cd3f5b1973e7faa59797ba29e4"}
,"/home/kajisaab/Documents/college/3rd/engineer_management/SkillSync/auth-service/src/middlewares/auth.middleware.js": {"path":"/home/kajisaab/Documents/college/3rd/engineer_management/SkillSync/auth-service/src/middlewares/auth.middleware.js","statementMap":{"0":{"start":{"line":6,"column":30},"end":{"line":6,"column":58}},"1":{"start":{"line":7,"column":46},"end":{"line":7,"column":76}},"2":{"start":{"line":13,"column":21},"end":{"line":42,"column":1}},"3":{"start":{"line":14,"column":2},"end":{"line":41,"column":3}},"4":{"start":{"line":16,"column":23},"end":{"line":16,"column":48}},"5":{"start":{"line":18,"column":4},"end":{"line":20,"column":5}},"6":{"start":{"line":19,"column":6},"end":{"line":19,"column":59}},"7":{"start":{"line":22,"column":18},"end":{"line":22,"column":41}},"8":{"start":{"line":25,"column":20},"end":{"line":25,"column":44}},"9":{"start":{"line":28,"column":4},"end":{"line":32,"column":6}},"10":{"start":{"line":34,"column":4},"end":{"line":34,"column":11}},"11":{"start":{"line":36,"column":4},"end":{"line":40,"column":5}},"12":{"start":{"line":37,"column":6},"end":{"line":37,"column":18}},"13":{"start":{"line":39,"column":6},"end":{"line":39,"column":49}},"14":{"start":{"line":49,"column":18},"end":{"line":65,"column":1}},"15":{"start":{"line":50,"column":2},"end":{"line":64,"column":4}},"16":{"start":{"line":51,"column":4},"end":{"line":63,"column":5}},"17":{"start":{"line":52,"column":6},"end":{"line":54,"column":7}},"18":{"start":{"line":53,"column":8},"end":{"line":53,"column":63}},"19":{"start":{"line":56,"column":6},"end":{"line":58,"column":7}},"20":{"start":{"line":57,"column":8},"end":{"line":57,"column":61}},"21":{"start":{"line":60,"column":6},"end":{"line":60,"column":13}},"22":{"start":{"line":62,"column":6},"end":{"line":62,"column":18}},"23":{"start":{"line":71,"column":21},"end":{"line":91,"column":1}},"24":{"start":{"line":72,"column":2},"end":{"line":90,"column":3}},"25":{"start":{"line":73,"column":23},"end":{"line":73,"column":48}},"26":{"start":{"line":75,"column":4},"end":{"line":84,"column":5}},"27":{"start":{"line":76,"column":20},"end":{"line":76,"column":43}},"28":{"start":{"line":77,"column":22},"end":{"line":77,"column":46}},"29":{"start":{"line":79,"column":6},"end":{"line":83,"column":8}},"30":{"start":{"line":86,"column":4},"end":{"line":86,"column":11}},"31":{"start":{"line":89,"column":4},"end":{"line":89,"column":11}},"32":{"start":{"line":93,"column":0},"end":{"line":97,"column":2}}},"fnMap":{"0":{"name":"(anonymous_0)","decl":{"start":{"line":13,"column":21},"end":{"line":13,"column":22}},"loc":{"start":{"line":13,"column":41},"end":{"line":42,"column":1}},"line":13},"1":{"name":"(anonymous_1)","decl":{"start":{"line":49,"column":18},"end":{"line":49,"column":19}},"loc":{"start":{"line":49,"column":39},"end":{"line":65,"column":1}},"line":49},"2":{"name":"(anonymous_2)","decl":{"start":{"line":50,"column":9},"end":{"line":50,"column":10}},"loc":{"start":{"line":50,"column":29},"end":{"line":64,"column":3}},"line":50},"3":{"name":"(anonymous_3)","decl":{"start":{"line":71,"column":21},"end":{"line":71,"column":22}},"loc":{"start":{"line":71,"column":41},"end":{"line":91,"column":1}},"line":71}},"branchMap":{"0":{"loc":{"start":{"line":18,"column":4},"end":{"line":20,"column":5}},"type":"if","locations":[{"start":{"line":18,"column":4},"end":{"line":20,"column":5}},{"start":{},"end":{}}],"line":18},"1":{"loc":{"start":{"line":18,"column":8},"end":{"line":18,"column":56}},"type":"binary-expr","locations":[{"start":{"line":18,"column":8},"end":{"line":18,"column":19}},{"start":{"line":18,"column":23},"end":{"line":18,"column":56}}],"line":18},"2":{"loc":{"start":{"line":36,"column":4},"end":{"line":40,"column":5}},"type":"if","locations":[{"start":{"line":36,"column":4},"end":{"line":40,"column":5}},{"start":{"line":38,"column":11},"end":{"line":40,"column":5}}],"line":36},"3":{"loc":{"start":{"line":52,"column":6},"end":{"line":54,"column":7}},"type":"if","locations":[{"start":{"line":52,"column":6},"end":{"line":54,"column":7}},{"start":{},"end":{}}],"line":52},"4":{"loc":{"start":{"line":56,"column":6},"end":{"line":58,"column":7}},"type":"if","locations":[{"start":{"line":56,"column":6},"end":{"line":58,"column":7}},{"start":{},"end":{}}],"line":56},"5":{"loc":{"start":{"line":75,"column":4},"end":{"line":84,"column":5}},"type":"if","locations":[{"start":{"line":75,"column":4},"end":{"line":84,"column":5}},{"start":{},"end":{}}],"line":75},"6":{"loc":{"start":{"line":75,"column":8},"end":{"line":75,"column":54}},"type":"binary-expr","locations":[{"start":{"line":75,"column":8},"end":{"line":75,"column":18}},{"start":{"line":75,"column":22},"end":{"line":75,"column":54}}],"line":75}},"s":{"0":2,"1":2,"2":2,"3":5,"4":5,"5":5,"6":2,"7":3,"8":3,"9":2,"10":2,"11":3,"12":2,"13":1,"14":2,"15":0,"16":0,"17":0,"18":0,"19":0,"20":0,"21":0,"22":0,"23":2,"24":0,"25":0,"26":0,"27":0,"28":0,"29":0,"30":0,"31":0,"32":2},"f":{"0":5,"1":0,"2":0,"3":0},"b":{"0":[2,3],"1":[5,3],"2":[2,1],"3":[0,0],"4":[0,0],"5":[0,0],"6":[0,0]},"_coverageSchema":"1a1c01bbd47fc00a2c39e90264f33305004495a9","hash":"fc6b7ab1e8c758a4ce5714d640797fde9b95b396"}
,"/home/kajisaab/Documents/college/3rd/engineer_management/SkillSync/auth-service/src/middlewares/error.middleware.js": {"path":"/home/kajisaab/Documents/college/3rd/engineer_management/SkillSync/auth-service/src/middlewares/error.middleware.js","statementMap":{"0":{"start":{"line":9,"column":4},"end":{"line":9,"column":34}},"1":{"start":{"line":15,"column":24},"end":{"line":21,"column":1}},"2":{"start":{"line":16,"column":2},"end":{"line":20,"column":5}},"3":{"start":{"line":27,"column":21},"end":{"line":46,"column":1}},"4":{"start":{"line":29,"column":2},"end":{"line":33,"column":3}},"5":{"start":{"line":30,"column":4},"end":{"line":30,"column":33}},"6":{"start":{"line":32,"column":4},"end":{"line":32,"column":41}},"7":{"start":{"line":36,"column":24},"end":{"line":36,"column":48}},"8":{"start":{"line":39,"column":2},"end":{"line":39,"column":59}},"9":{"start":{"line":42,"column":2},"end":{"line":45,"column":3}},"10":{"start":{"line":43,"column":4},"end":{"line":43,"column":72}},"11":{"start":{"line":44,"column":4},"end":{"line":44,"column":20}},"12":{"start":{"line":52,"column":26},"end":{"line":56,"column":1}},"13":{"start":{"line":53,"column":2},"end":{"line":55,"column":4}},"14":{"start":{"line":54,"column":4},"end":{"line":54,"column":52}},"15":{"start":{"line":58,"column":0},"end":{"line":62,"column":2}}},"fnMap":{"0":{"name":"(anonymous_0)","decl":{"start":{"line":15,"column":24},"end":{"line":15,"column":25}},"loc":{"start":{"line":15,"column":44},"end":{"line":21,"column":1}},"line":15},"1":{"name":"(anonymous_1)","decl":{"start":{"line":27,"column":21},"end":{"line":27,"column":22}},"loc":{"start":{"line":27,"column":46},"end":{"line":46,"column":1}},"line":27},"2":{"name":"(anonymous_2)","decl":{"start":{"line":52,"column":26},"end":{"line":52,"column":27}},"loc":{"start":{"line":52,"column":34},"end":{"line":56,"column":1}},"line":52},"3":{"name":"(anonymous_3)","decl":{"start":{"line":53,"column":9},"end":{"line":53,"column":10}},"loc":{"start":{"line":53,"column":29},"end":{"line":55,"column":3}},"line":53}},"branchMap":{"0":{"loc":{"start":{"line":29,"column":2},"end":{"line":33,"column":3}},"type":"if","locations":[{"start":{"line":29,"column":2},"end":{"line":33,"column":3}},{"start":{"line":31,"column":9},"end":{"line":33,"column":3}}],"line":29},"1":{"loc":{"start":{"line":42,"column":2},"end":{"line":45,"column":3}},"type":"if","locations":[{"start":{"line":42,"column":2},"end":{"line":45,"column":3}},{"start":{},"end":{}}],"line":42},"2":{"loc":{"start":{"line":42,"column":6},"end":{"line":42,"column":71}},"type":"binary-expr","locations":[{"start":{"line":42,"column":6},"end":{"line":42,"column":30}},{"start":{"line":42,"column":34},"end":{"line":42,"column":71}}],"line":42}},"s":{"0":2,"1":2,"2":1,"3":2,"4":17,"5":0,"6":17,"7":17,"8":17,"9":17,"10":0,"11":0,"12":2,"13":0,"14":0,"15":2},"f":{"0":1,"1":17,"2":0,"3":0},"b":{"0":[0,17],"1":[0,17],"2":[17,0]},"_coverageSchema":"1a1c01bbd47fc00a2c39e90264f33305004495a9","hash":"2b21d6c5f3d1c767ea7170182047bb0d95a0b2b7"}
,"/home/kajisaab/Documents/college/3rd/engineer_management/SkillSync/auth-service/src/middlewares/validation.middleware.js": {"path":"/home/kajisaab/Documents/college/3rd/engineer_management/SkillSync/auth-service/src/middlewares/validation.middleware.js","statementMap":{"0":{"start":{"line":6,"column":28},"end":{"line":6,"column":58}},"1":{"start":{"line":13,"column":17},"end":{"line":34,"column":1}},"2":{"start":{"line":14,"column":2},"end":{"line":33,"column":4}},"3":{"start":{"line":15,"column":29},"end":{"line":18,"column":6}},"4":{"start":{"line":20,"column":4},"end":{"line":28,"column":5}},"5":{"start":{"line":22,"column":21},"end":{"line":25,"column":9}},"6":{"start":{"line":22,"column":52},"end":{"line":25,"column":7}},"7":{"start":{"line":27,"column":6},"end":{"line":27,"column":68}},"8":{"start":{"line":31,"column":4},"end":{"line":31,"column":21}},"9":{"start":{"line":32,"column":4},"end":{"line":32,"column":11}},"10":{"start":{"line":41,"column":22},"end":{"line":60,"column":1}},"11":{"start":{"line":42,"column":2},"end":{"line":59,"column":4}},"12":{"start":{"line":43,"column":29},"end":{"line":46,"column":6}},"13":{"start":{"line":48,"column":4},"end":{"line":55,"column":5}},"14":{"start":{"line":49,"column":21},"end":{"line":52,"column":9}},"15":{"start":{"line":49,"column":52},"end":{"line":52,"column":7}},"16":{"start":{"line":54,"column":6},"end":{"line":54,"column":74}},"17":{"start":{"line":57,"column":4},"end":{"line":57,"column":22}},"18":{"start":{"line":58,"column":4},"end":{"line":58,"column":11}},"19":{"start":{"line":67,"column":23},"end":{"line":86,"column":1}},"20":{"start":{"line":68,"column":2},"end":{"line":85,"column":4}},"21":{"start":{"line":69,"column":29},"end":{"line":72,"column":6}},"22":{"start":{"line":74,"column":4},"end":{"line":81,"column":5}},"23":{"start":{"line":75,"column":21},"end":{"line":78,"column":9}},"24":{"start":{"line":75,"column":52},"end":{"line":78,"column":7}},"25":{"start":{"line":80,"column":6},"end":{"line":80,"column":78}},"26":{"start":{"line":83,"column":4},"end":{"line":83,"column":23}},"27":{"start":{"line":84,"column":4},"end":{"line":84,"column":11}},"28":{"start":{"line":88,"column":0},"end":{"line":92,"column":2}}},"fnMap":{"0":{"name":"(anonymous_0)","decl":{"start":{"line":13,"column":17},"end":{"line":13,"column":18}},"loc":{"start":{"line":13,"column":29},"end":{"line":34,"column":1}},"line":13},"1":{"name":"(anonymous_1)","decl":{"start":{"line":14,"column":9},"end":{"line":14,"column":10}},"loc":{"start":{"line":14,"column":29},"end":{"line":33,"column":3}},"line":14},"2":{"name":"(anonymous_2)","decl":{"start":{"line":22,"column":39},"end":{"line":22,"column":40}},"loc":{"start":{"line":22,"column":52},"end":{"line":25,"column":7}},"line":22},"3":{"name":"(anonymous_3)","decl":{"start":{"line":41,"column":22},"end":{"line":41,"column":23}},"loc":{"start":{"line":41,"column":34},"end":{"line":60,"column":1}},"line":41},"4":{"name":"(anonymous_4)","decl":{"start":{"line":42,"column":9},"end":{"line":42,"column":10}},"loc":{"start":{"line":42,"column":29},"end":{"line":59,"column":3}},"line":42},"5":{"name":"(anonymous_5)","decl":{"start":{"line":49,"column":39},"end":{"line":49,"column":40}},"loc":{"start":{"line":49,"column":52},"end":{"line":52,"column":7}},"line":49},"6":{"name":"(anonymous_6)","decl":{"start":{"line":67,"column":23},"end":{"line":67,"column":24}},"loc":{"start":{"line":67,"column":35},"end":{"line":86,"column":1}},"line":67},"7":{"name":"(anonymous_7)","decl":{"start":{"line":68,"column":9},"end":{"line":68,"column":10}},"loc":{"start":{"line":68,"column":29},"end":{"line":85,"column":3}},"line":68},"8":{"name":"(anonymous_8)","decl":{"start":{"line":75,"column":39},"end":{"line":75,"column":40}},"loc":{"start":{"line":75,"column":52},"end":{"line":78,"column":7}},"line":75}},"branchMap":{"0":{"loc":{"start":{"line":20,"column":4},"end":{"line":28,"column":5}},"type":"if","locations":[{"start":{"line":20,"column":4},"end":{"line":28,"column":5}},{"start":{},"end":{}}],"line":20},"1":{"loc":{"start":{"line":48,"column":4},"end":{"line":55,"column":5}},"type":"if","locations":[{"start":{"line":48,"column":4},"end":{"line":55,"column":5}},{"start":{},"end":{}}],"line":48},"2":{"loc":{"start":{"line":74,"column":4},"end":{"line":81,"column":5}},"type":"if","locations":[{"start":{"line":74,"column":4},"end":{"line":81,"column":5}},{"start":{},"end":{}}],"line":74}},"s":{"0":2,"1":2,"2":16,"3":20,"4":20,"5":7,"6":11,"7":7,"8":13,"9":13,"10":2,"11":0,"12":0,"13":0,"14":0,"15":0,"16":0,"17":0,"18":0,"19":2,"20":0,"21":0,"22":0,"23":0,"24":0,"25":0,"26":0,"27":0,"28":2},"f":{"0":16,"1":20,"2":11,"3":0,"4":0,"5":0,"6":0,"7":0,"8":0},"b":{"0":[7,13],"1":[0,0],"2":[0,0]},"_coverageSchema":"1a1c01bbd47fc00a2c39e90264f33305004495a9","hash":"54226ddbbc7f823a746ed0fd397a22b20bc1a581"}
,"/home/kajisaab/Documents/college/3rd/engineer_management/SkillSync/auth-service/src/repositories/user.repository.js": {"path":"/home/kajisaab/Documents/college/3rd/engineer_management/SkillSync/auth-service/src/repositories/user.repository.js","statementMap":{"0":{"start":{"line":6,"column":18},"end":{"line":6,"column":47}},"1":{"start":{"line":7,"column":32},"end":{"line":7,"column":62}},"2":{"start":{"line":14,"column":15},"end":{"line":31,"column":1}},"3":{"start":{"line":16,"column":4},"end":{"line":16,"column":12}},"4":{"start":{"line":18,"column":2},"end":{"line":30,"column":3}},"5":{"start":{"line":19,"column":19},"end":{"line":25,"column":5}},"6":{"start":{"line":27,"column":4},"end":{"line":27,"column":26}},"7":{"start":{"line":29,"column":4},"end":{"line":29,"column":37}},"8":{"start":{"line":38,"column":17},"end":{"line":53,"column":1}},"9":{"start":{"line":39,"column":2},"end":{"line":52,"column":3}},"10":{"start":{"line":40,"column":19},"end":{"line":47,"column":5}},"11":{"start":{"line":49,"column":4},"end":{"line":49,"column":34}},"12":{"start":{"line":51,"column":4},"end":{"line":51,"column":37}},"13":{"start":{"line":60,"column":20},"end":{"line":75,"column":1}},"14":{"start":{"line":61,"column":2},"end":{"line":74,"column":3}},"15":{"start":{"line":62,"column":19},"end":{"line":69,"column":5}},"16":{"start":{"line":71,"column":4},"end":{"line":71,"column":34}},"17":{"start":{"line":73,"column":4},"end":{"line":73,"column":37}},"18":{"start":{"line":82,"column":32},"end":{"line":96,"column":1}},"19":{"start":{"line":83,"column":2},"end":{"line":95,"column":3}},"20":{"start":{"line":84,"column":19},"end":{"line":90,"column":5}},"21":{"start":{"line":92,"column":4},"end":{"line":92,"column":34}},"22":{"start":{"line":94,"column":4},"end":{"line":94,"column":37}},"23":{"start":{"line":103,"column":25},"end":{"line":117,"column":1}},"24":{"start":{"line":104,"column":2},"end":{"line":116,"column":3}},"25":{"start":{"line":105,"column":19},"end":{"line":111,"column":5}},"26":{"start":{"line":113,"column":4},"end":{"line":113,"column":34}},"27":{"start":{"line":115,"column":4},"end":{"line":115,"column":37}},"28":{"start":{"line":125,"column":15},"end":{"line":159,"column":1}},"29":{"start":{"line":126,"column":17},"end":{"line":126,"column":19}},"30":{"start":{"line":127,"column":17},"end":{"line":127,"column":19}},"31":{"start":{"line":128,"column":19},"end":{"line":128,"column":20}},"32":{"start":{"line":131,"column":2},"end":{"line":137,"column":5}},"33":{"start":{"line":132,"column":4},"end":{"line":136,"column":5}},"34":{"start":{"line":133,"column":6},"end":{"line":133,"column":45}},"35":{"start":{"line":134,"column":6},"end":{"line":134,"column":35}},"36":{"start":{"line":135,"column":6},"end":{"line":135,"column":19}},"37":{"start":{"line":139,"column":2},"end":{"line":141,"column":3}},"38":{"start":{"line":140,"column":4},"end":{"line":140,"column":43}},"39":{"start":{"line":143,"column":2},"end":{"line":143,"column":22}},"40":{"start":{"line":145,"column":2},"end":{"line":158,"column":3}},"41":{"start":{"line":146,"column":19},"end":{"line":153,"column":5}},"42":{"start":{"line":155,"column":4},"end":{"line":155,"column":26}},"43":{"start":{"line":157,"column":4},"end":{"line":157,"column":37}},"44":{"start":{"line":167,"column":29},"end":{"line":178,"column":1}},"45":{"start":{"line":168,"column":2},"end":{"line":177,"column":3}},"46":{"start":{"line":169,"column":4},"end":{"line":174,"column":6}},"47":{"start":{"line":176,"column":4},"end":{"line":176,"column":37}},"48":{"start":{"line":185,"column":20},"end":{"line":202,"column":1}},"49":{"start":{"line":186,"column":2},"end":{"line":201,"column":3}},"50":{"start":{"line":187,"column":19},"end":{"line":196,"column":5}},"51":{"start":{"line":198,"column":4},"end":{"line":198,"column":26}},"52":{"start":{"line":200,"column":4},"end":{"line":200,"column":37}},"53":{"start":{"line":211,"column":22},"end":{"line":224,"column":1}},"54":{"start":{"line":212,"column":2},"end":{"line":223,"column":3}},"55":{"start":{"line":213,"column":4},"end":{"line":220,"column":6}},"56":{"start":{"line":222,"column":4},"end":{"line":222,"column":37}},"57":{"start":{"line":232,"column":23},"end":{"line":246,"column":1}},"58":{"start":{"line":233,"column":2},"end":{"line":245,"column":3}},"59":{"start":{"line":234,"column":4},"end":{"line":242,"column":6}},"60":{"start":{"line":244,"column":4},"end":{"line":244,"column":37}},"61":{"start":{"line":253,"column":19},"end":{"line":263,"column":1}},"62":{"start":{"line":254,"column":2},"end":{"line":262,"column":3}},"63":{"start":{"line":255,"column":19},"end":{"line":257,"column":6}},"64":{"start":{"line":259,"column":4},"end":{"line":259,"column":31}},"65":{"start":{"line":261,"column":4},"end":{"line":261,"column":37}},"66":{"start":{"line":269,"column":14},"end":{"line":276,"column":1}},"67":{"start":{"line":270,"column":2},"end":{"line":275,"column":3}},"68":{"start":{"line":271,"column":19},"end":{"line":271,"column":60}},"69":{"start":{"line":272,"column":4},"end":{"line":272,"column":42}},"70":{"start":{"line":274,"column":4},"end":{"line":274,"column":37}},"71":{"start":{"line":283,"column":20},"end":{"line":294,"column":1}},"72":{"start":{"line":284,"column":2},"end":{"line":293,"column":3}},"73":{"start":{"line":285,"column":19},"end":{"line":288,"column":5}},"74":{"start":{"line":290,"column":4},"end":{"line":290,"column":33}},"75":{"start":{"line":292,"column":4},"end":{"line":292,"column":37}},"76":{"start":{"line":296,"column":0},"end":{"line":310,"column":2}}},"fnMap":{"0":{"name":"(anonymous_0)","decl":{"start":{"line":14,"column":15},"end":{"line":14,"column":16}},"loc":{"start":{"line":14,"column":35},"end":{"line":31,"column":1}},"line":14},"1":{"name":"(anonymous_1)","decl":{"start":{"line":38,"column":17},"end":{"line":38,"column":18}},"loc":{"start":{"line":38,"column":35},"end":{"line":53,"column":1}},"line":38},"2":{"name":"(anonymous_2)","decl":{"start":{"line":60,"column":20},"end":{"line":60,"column":21}},"loc":{"start":{"line":60,"column":37},"end":{"line":75,"column":1}},"line":60},"3":{"name":"(anonymous_3)","decl":{"start":{"line":82,"column":32},"end":{"line":82,"column":33}},"loc":{"start":{"line":82,"column":49},"end":{"line":96,"column":1}},"line":82},"4":{"name":"(anonymous_4)","decl":{"start":{"line":103,"column":25},"end":{"line":103,"column":26}},"loc":{"start":{"line":103,"column":42},"end":{"line":117,"column":1}},"line":103},"5":{"name":"(anonymous_5)","decl":{"start":{"line":125,"column":15},"end":{"line":125,"column":16}},"loc":{"start":{"line":125,"column":45},"end":{"line":159,"column":1}},"line":125},"6":{"name":"(anonymous_6)","decl":{"start":{"line":131,"column":34},"end":{"line":131,"column":35}},"loc":{"start":{"line":131,"column":43},"end":{"line":137,"column":3}},"line":131},"7":{"name":"(anonymous_7)","decl":{"start":{"line":167,"column":29},"end":{"line":167,"column":30}},"loc":{"start":{"line":167,"column":60},"end":{"line":178,"column":1}},"line":167},"8":{"name":"(anonymous_8)","decl":{"start":{"line":185,"column":20},"end":{"line":185,"column":21}},"loc":{"start":{"line":185,"column":38},"end":{"line":202,"column":1}},"line":185},"9":{"name":"(anonymous_9)","decl":{"start":{"line":211,"column":22},"end":{"line":211,"column":23}},"loc":{"start":{"line":211,"column":64},"end":{"line":224,"column":1}},"line":211},"10":{"name":"(anonymous_10)","decl":{"start":{"line":232,"column":23},"end":{"line":232,"column":24}},"loc":{"start":{"line":232,"column":58},"end":{"line":246,"column":1}},"line":232},"11":{"name":"(anonymous_11)","decl":{"start":{"line":253,"column":19},"end":{"line":253,"column":20}},"loc":{"start":{"line":253,"column":37},"end":{"line":263,"column":1}},"line":253},"12":{"name":"(anonymous_12)","decl":{"start":{"line":269,"column":14},"end":{"line":269,"column":15}},"loc":{"start":{"line":269,"column":26},"end":{"line":276,"column":1}},"line":269},"13":{"name":"(anonymous_13)","decl":{"start":{"line":283,"column":20},"end":{"line":283,"column":21}},"loc":{"start":{"line":283,"column":37},"end":{"line":294,"column":1}},"line":283}},"branchMap":{"0":{"loc":{"start":{"line":24,"column":55},"end":{"line":24,"column":72}},"type":"binary-expr","locations":[{"start":{"line":24,"column":55},"end":{"line":24,"column":64}},{"start":{"line":24,"column":68},"end":{"line":24,"column":72}}],"line":24},"1":{"loc":{"start":{"line":49,"column":11},"end":{"line":49,"column":33}},"type":"binary-expr","locations":[{"start":{"line":49,"column":11},"end":{"line":49,"column":25}},{"start":{"line":49,"column":29},"end":{"line":49,"column":33}}],"line":49},"2":{"loc":{"start":{"line":71,"column":11},"end":{"line":71,"column":33}},"type":"binary-expr","locations":[{"start":{"line":71,"column":11},"end":{"line":71,"column":25}},{"start":{"line":71,"column":29},"end":{"line":71,"column":33}}],"line":71},"3":{"loc":{"start":{"line":92,"column":11},"end":{"line":92,"column":33}},"type":"binary-expr","locations":[{"start":{"line":92,"column":11},"end":{"line":92,"column":25}},{"start":{"line":92,"column":29},"end":{"line":92,"column":33}}],"line":92},"4":{"loc":{"start":{"line":113,"column":11},"end":{"line":113,"column":33}},"type":"binary-expr","locations":[{"start":{"line":113,"column":11},"end":{"line":113,"column":25}},{"start":{"line":113,"column":29},"end":{"line":113,"column":33}}],"line":113},"5":{"loc":{"start":{"line":132,"column":4},"end":{"line":136,"column":5}},"type":"if","locations":[{"start":{"line":132,"column":4},"end":{"line":136,"column":5}},{"start":{},"end":{}}],"line":132},"6":{"loc":{"start":{"line":139,"column":2},"end":{"line":141,"column":3}},"type":"if","locations":[{"start":{"line":139,"column":2},"end":{"line":141,"column":3}},{"start":{},"end":{}}],"line":139}},"s":{"0":2,"1":2,"2":2,"3":3,"4":3,"5":3,"6":3,"7":0,"8":2,"9":2,"10":2,"11":2,"12":0,"13":2,"14":11,"15":11,"16":11,"17":0,"18":2,"19":0,"20":0,"21":0,"22":0,"23":2,"24":0,"25":0,"26":0,"27":0,"28":2,"29":0,"30":0,"31":0,"32":0,"33":0,"34":0,"35":0,"36":0,"37":0,"38":0,"39":0,"40":0,"41":0,"42":0,"43":0,"44":2,"45":3,"46":3,"47":0,"48":2,"49":0,"50":0,"51":0,"52":0,"53":2,"54":0,"55":0,"56":0,"57":2,"58":0,"59":0,"60":0,"61":2,"62":0,"63":0,"64":0,"65":0,"66":2,"67":0,"68":0,"69":0,"70":0,"71":2,"72":0,"73":0,"74":0,"75":0,"76":2},"f":{"0":3,"1":2,"2":11,"3":0,"4":0,"5":0,"6":0,"7":3,"8":0,"9":0,"10":0,"11":0,"12":0,"13":0},"b":{"0":[3,3],"1":[2,0],"2":[11,5],"3":[0,0],"4":[0,0],"5":[0,0],"6":[0,0]},"_coverageSchema":"1a1c01bbd47fc00a2c39e90264f33305004495a9","hash":"030d1ce0bb83af7bc34b8864af6486b778f34662"}
,"/home/kajisaab/Documents/college/3rd/engineer_management/SkillSync/auth-service/src/routes/auth.routes.js": {"path":"/home/kajisaab/Documents/college/3rd/engineer_management/SkillSync/auth-service/src/routes/auth.routes.js","statementMap":{"0":{"start":{"line":6,"column":16},"end":{"line":6,"column":34}},"1":{"start":{"line":7,"column":23},"end":{"line":7,"column":63}},"2":{"start":{"line":8,"column":25},"end":{"line":8,"column":66}},"3":{"start":{"line":9,"column":21},"end":{"line":9,"column":68}},"4":{"start":{"line":19,"column":4},"end":{"line":19,"column":43}},"5":{"start":{"line":21,"column":15},"end":{"line":21,"column":31}},"6":{"start":{"line":28,"column":0},"end":{"line":28,"column":76}},"7":{"start":{"line":31,"column":0},"end":{"line":31,"column":67}},"8":{"start":{"line":34,"column":0},"end":{"line":34,"column":73}},"9":{"start":{"line":37,"column":0},"end":{"line":41,"column":2}},"10":{"start":{"line":44,"column":0},"end":{"line":48,"column":2}},"11":{"start":{"line":51,"column":0},"end":{"line":55,"column":2}},"12":{"start":{"line":62,"column":0},"end":{"line":62,"column":60}},"13":{"start":{"line":65,"column":0},"end":{"line":70,"column":2}},"14":{"start":{"line":73,"column":0},"end":{"line":73,"column":64}},"15":{"start":{"line":76,"column":0},"end":{"line":81,"column":2}},"16":{"start":{"line":83,"column":0},"end":{"line":83,"column":24}}},"fnMap":{},"branchMap":{},"s":{"0":2,"1":2,"2":2,"3":2,"4":2,"5":2,"6":2,"7":2,"8":2,"9":2,"10":2,"11":2,"12":2,"13":2,"14":2,"15":2,"16":2},"f":{},"b":{},"_coverageSchema":"1a1c01bbd47fc00a2c39e90264f33305004495a9","hash":"7744dbcd05831345a67fb5ec1ccb16ea0c1f2218"}
,"/home/kajisaab/Documents/college/3rd/engineer_management/SkillSync/auth-service/src/services/auth.service.js": {"path":"/home/kajisaab/Documents/college/3rd/engineer_management/SkillSync/auth-service/src/services/auth.service.js","statementMap":{"0":{"start":{"line":6,"column":23},"end":{"line":6,"column":65}},"1":{"start":{"line":14,"column":4},"end":{"line":14,"column":37}},"2":{"start":{"line":19,"column":4},"end":{"line":19,"column":32}},"3":{"start":{"line":25,"column":4},"end":{"line":25,"column":34}},"4":{"start":{"line":32,"column":17},"end":{"line":87,"column":1}},"5":{"start":{"line":33,"column":68},"end":{"line":33,"column":76}},"6":{"start":{"line":36,"column":23},"end":{"line":36,"column":62}},"7":{"start":{"line":37,"column":2},"end":{"line":39,"column":3}},"8":{"start":{"line":38,"column":4},"end":{"line":38,"column":56}},"9":{"start":{"line":42,"column":29},"end":{"line":42,"column":63}},"10":{"start":{"line":43,"column":2},"end":{"line":45,"column":3}},"11":{"start":{"line":44,"column":4},"end":{"line":44,"column":74}},"12":{"start":{"line":48,"column":23},"end":{"line":48,"column":51}},"13":{"start":{"line":51,"column":18},"end":{"line":58,"column":4}},"14":{"start":{"line":62,"column":4},"end":{"line":62,"column":36}},"15":{"start":{"line":63,"column":2},"end":{"line":63,"column":74}},"16":{"start":{"line":66,"column":17},"end":{"line":70,"column":4}},"17":{"start":{"line":73,"column":2},"end":{"line":86,"column":4}},"18":{"start":{"line":95,"column":14},"end":{"line":129,"column":1}},"19":{"start":{"line":97,"column":15},"end":{"line":97,"column":54}},"20":{"start":{"line":98,"column":2},"end":{"line":100,"column":3}},"21":{"start":{"line":99,"column":4},"end":{"line":99,"column":61}},"22":{"start":{"line":103,"column":26},"end":{"line":103,"column":77}},"23":{"start":{"line":104,"column":2},"end":{"line":106,"column":3}},"24":{"start":{"line":105,"column":4},"end":{"line":105,"column":61}},"25":{"start":{"line":109,"column":17},"end":{"line":113,"column":4}},"26":{"start":{"line":116,"column":2},"end":{"line":128,"column":4}},"27":{"start":{"line":136,"column":16},"end":{"line":147,"column":1}},"28":{"start":{"line":137,"column":2},"end":{"line":139,"column":3}},"29":{"start":{"line":138,"column":4},"end":{"line":138,"column":56}},"30":{"start":{"line":141,"column":2},"end":{"line":146,"column":3}},"31":{"start":{"line":142,"column":22},"end":{"line":142,"column":60}},"32":{"start":{"line":143,"column":4},"end":{"line":143,"column":21}},"33":{"start":{"line":145,"column":4},"end":{"line":145,"column":47}},"34":{"start":{"line":154,"column":15},"end":{"line":156,"column":1}},"35":{"start":{"line":155,"column":2},"end":{"line":155,"column":36}},"36":{"start":{"line":163,"column":20},"end":{"line":189,"column":1}},"37":{"start":{"line":164,"column":2},"end":{"line":166,"column":3}},"38":{"start":{"line":165,"column":4},"end":{"line":165,"column":61}},"39":{"start":{"line":169,"column":22},"end":{"line":169,"column":38}},"40":{"start":{"line":172,"column":15},"end":{"line":172,"column":72}},"41":{"start":{"line":173,"column":2},"end":{"line":175,"column":3}},"42":{"start":{"line":174,"column":4},"end":{"line":174,"column":71}},"43":{"start":{"line":177,"column":2},"end":{"line":179,"column":3}},"44":{"start":{"line":178,"column":4},"end":{"line":178,"column":56}},"45":{"start":{"line":182,"column":22},"end":{"line":182,"column":68}},"46":{"start":{"line":184,"column":2},"end":{"line":188,"column":4}},"47":{"start":{"line":196,"column":29},"end":{"line":221,"column":1}},"48":{"start":{"line":198,"column":15},"end":{"line":198,"column":54}},"49":{"start":{"line":199,"column":2},"end":{"line":204,"column":3}},"50":{"start":{"line":201,"column":4},"end":{"line":203,"column":6}},"51":{"start":{"line":207,"column":33},"end":{"line":207,"column":61}},"52":{"start":{"line":210,"column":22},"end":{"line":210,"column":70}},"53":{"start":{"line":211,"column":20},"end":{"line":211,"column":71}},"54":{"start":{"line":214,"column":2},"end":{"line":214,"column":75}},"55":{"start":{"line":217,"column":2},"end":{"line":220,"column":4}},"56":{"start":{"line":229,"column":22},"end":{"line":258,"column":1}},"57":{"start":{"line":230,"column":2},"end":{"line":232,"column":3}},"58":{"start":{"line":231,"column":4},"end":{"line":231,"column":65}},"59":{"start":{"line":235,"column":29},"end":{"line":235,"column":66}},"60":{"start":{"line":236,"column":2},"end":{"line":238,"column":3}},"61":{"start":{"line":237,"column":4},"end":{"line":237,"column":74}},"62":{"start":{"line":241,"column":22},"end":{"line":241,"column":38}},"63":{"start":{"line":244,"column":15},"end":{"line":244,"column":65}},"64":{"start":{"line":245,"column":2},"end":{"line":247,"column":3}},"65":{"start":{"line":246,"column":4},"end":{"line":246,"column":64}},"66":{"start":{"line":250,"column":26},"end":{"line":250,"column":57}},"67":{"start":{"line":253,"column":2},"end":{"line":253,"column":69}},"68":{"start":{"line":255,"column":2},"end":{"line":257,"column":4}},"69":{"start":{"line":267,"column":23},"end":{"line":306,"column":1}},"70":{"start":{"line":269,"column":15},"end":{"line":269,"column":52}},"71":{"start":{"line":270,"column":2},"end":{"line":272,"column":3}},"72":{"start":{"line":271,"column":4},"end":{"line":271,"column":46}},"73":{"start":{"line":275,"column":26},"end":{"line":278,"column":3}},"74":{"start":{"line":279,"column":2},"end":{"line":281,"column":3}},"75":{"start":{"line":280,"column":4},"end":{"line":280,"column":65}},"76":{"start":{"line":284,"column":29},"end":{"line":284,"column":66}},"77":{"start":{"line":285,"column":2},"end":{"line":287,"column":3}},"78":{"start":{"line":286,"column":4},"end":{"line":286,"column":74}},"79":{"start":{"line":290,"column":25},"end":{"line":290,"column":79}},"80":{"start":{"line":291,"column":2},"end":{"line":295,"column":3}},"81":{"start":{"line":292,"column":4},"end":{"line":294,"column":6}},"82":{"start":{"line":298,"column":26},"end":{"line":298,"column":57}},"83":{"start":{"line":301,"column":2},"end":{"line":301,"column":63}},"84":{"start":{"line":303,"column":2},"end":{"line":305,"column":4}},"85":{"start":{"line":313,"column":19},"end":{"line":330,"column":1}},"86":{"start":{"line":314,"column":15},"end":{"line":314,"column":52}},"87":{"start":{"line":315,"column":2},"end":{"line":317,"column":3}},"88":{"start":{"line":316,"column":4},"end":{"line":316,"column":46}},"89":{"start":{"line":319,"column":2},"end":{"line":329,"column":4}},"90":{"start":{"line":338,"column":22},"end":{"line":362,"column":1}},"91":{"start":{"line":339,"column":45},"end":{"line":339,"column":55}},"92":{"start":{"line":341,"column":18},"end":{"line":341,"column":20}},"93":{"start":{"line":342,"column":2},"end":{"line":342,"column":48}},"94":{"start":{"line":342,"column":17},"end":{"line":342,"column":48}},"95":{"start":{"line":343,"column":2},"end":{"line":343,"column":45}},"96":{"start":{"line":343,"column":16},"end":{"line":343,"column":45}},"97":{"start":{"line":344,"column":2},"end":{"line":344,"column":62}},"98":{"start":{"line":344,"column":31},"end":{"line":344,"column":62}},"99":{"start":{"line":346,"column":2},"end":{"line":348,"column":3}},"100":{"start":{"line":347,"column":4},"end":{"line":347,"column":53}},"101":{"start":{"line":350,"column":22},"end":{"line":350,"column":66}},"102":{"start":{"line":352,"column":2},"end":{"line":361,"column":4}},"103":{"start":{"line":364,"column":0},"end":{"line":375,"column":2}}},"fnMap":{"0":{"name":"(anonymous_0)","decl":{"start":{"line":32,"column":17},"end":{"line":32,"column":18}},"loc":{"start":{"line":32,"column":37},"end":{"line":87,"column":1}},"line":32},"1":{"name":"(anonymous_1)","decl":{"start":{"line":95,"column":14},"end":{"line":95,"column":15}},"loc":{"start":{"line":95,"column":41},"end":{"line":129,"column":1}},"line":95},"2":{"name":"(anonymous_2)","decl":{"start":{"line":136,"column":16},"end":{"line":136,"column":17}},"loc":{"start":{"line":136,"column":40},"end":{"line":147,"column":1}},"line":136},"3":{"name":"(anonymous_3)","decl":{"start":{"line":154,"column":15},"end":{"line":154,"column":16}},"loc":{"start":{"line":154,"column":34},"end":{"line":156,"column":1}},"line":154},"4":{"name":"(anonymous_4)","decl":{"start":{"line":163,"column":20},"end":{"line":163,"column":21}},"loc":{"start":{"line":163,"column":37},"end":{"line":189,"column":1}},"line":163},"5":{"name":"(anonymous_5)","decl":{"start":{"line":196,"column":29},"end":{"line":196,"column":30}},"loc":{"start":{"line":196,"column":46},"end":{"line":221,"column":1}},"line":196},"6":{"name":"(anonymous_6)","decl":{"start":{"line":229,"column":22},"end":{"line":229,"column":23}},"loc":{"start":{"line":229,"column":52},"end":{"line":258,"column":1}},"line":229},"7":{"name":"(anonymous_7)","decl":{"start":{"line":267,"column":23},"end":{"line":267,"column":24}},"loc":{"start":{"line":267,"column":71},"end":{"line":306,"column":1}},"line":267},"8":{"name":"(anonymous_8)","decl":{"start":{"line":313,"column":19},"end":{"line":313,"column":20}},"loc":{"start":{"line":313,"column":37},"end":{"line":330,"column":1}},"line":313},"9":{"name":"(anonymous_9)","decl":{"start":{"line":338,"column":22},"end":{"line":338,"column":23}},"loc":{"start":{"line":338,"column":52},"end":{"line":362,"column":1}},"line":338}},"branchMap":{"0":{"loc":{"start":{"line":37,"column":2},"end":{"line":39,"column":3}},"type":"if","locations":[{"start":{"line":37,"column":2},"end":{"line":39,"column":3}},{"start":{},"end":{}}],"line":37},"1":{"loc":{"start":{"line":43,"column":2},"end":{"line":45,"column":3}},"type":"if","locations":[{"start":{"line":43,"column":2},"end":{"line":45,"column":3}},{"start":{},"end":{}}],"line":43},"2":{"loc":{"start":{"line":54,"column":10},"end":{"line":54,"column":27}},"type":"binary-expr","locations":[{"start":{"line":54,"column":10},"end":{"line":54,"column":14}},{"start":{"line":54,"column":18},"end":{"line":54,"column":27}}],"line":54},"3":{"loc":{"start":{"line":98,"column":2},"end":{"line":100,"column":3}},"type":"if","locations":[{"start":{"line":98,"column":2},"end":{"line":100,"column":3}},{"start":{},"end":{}}],"line":98},"4":{"loc":{"start":{"line":104,"column":2},"end":{"line":106,"column":3}},"type":"if","locations":[{"start":{"line":104,"column":2},"end":{"line":106,"column":3}},{"start":{},"end":{}}],"line":104},"5":{"loc":{"start":{"line":137,"column":2},"end":{"line":139,"column":3}},"type":"if","locations":[{"start":{"line":137,"column":2},"end":{"line":139,"column":3}},{"start":{},"end":{}}],"line":137},"6":{"loc":{"start":{"line":164,"column":2},"end":{"line":166,"column":3}},"type":"if","locations":[{"start":{"line":164,"column":2},"end":{"line":166,"column":3}},{"start":{},"end":{}}],"line":164},"7":{"loc":{"start":{"line":173,"column":2},"end":{"line":175,"column":3}},"type":"if","locations":[{"start":{"line":173,"column":2},"end":{"line":175,"column":3}},{"start":{},"end":{}}],"line":173},"8":{"loc":{"start":{"line":177,"column":2},"end":{"line":179,"column":3}},"type":"if","locations":[{"start":{"line":177,"column":2},"end":{"line":179,"column":3}},{"start":{},"end":{}}],"line":177},"9":{"loc":{"start":{"line":199,"column":2},"end":{"line":204,"column":3}},"type":"if","locations":[{"start":{"line":199,"column":2},"end":{"line":204,"column":3}},{"start":{},"end":{}}],"line":199},"10":{"loc":{"start":{"line":210,"column":22},"end":{"line":210,"column":70}},"type":"binary-expr","locations":[{"start":{"line":210,"column":22},"end":{"line":210,"column":65}},{"start":{"line":210,"column":69},"end":{"line":210,"column":70}}],"line":210},"11":{"loc":{"start":{"line":230,"column":2},"end":{"line":232,"column":3}},"type":"if","locations":[{"start":{"line":230,"column":2},"end":{"line":232,"column":3}},{"start":{},"end":{}}],"line":230},"12":{"loc":{"start":{"line":230,"column":6},"end":{"line":230,"column":28}},"type":"binary-expr","locations":[{"start":{"line":230,"column":6},"end":{"line":230,"column":12}},{"start":{"line":230,"column":16},"end":{"line":230,"column":28}}],"line":230},"13":{"loc":{"start":{"line":236,"column":2},"end":{"line":238,"column":3}},"type":"if","locations":[{"start":{"line":236,"column":2},"end":{"line":238,"column":3}},{"start":{},"end":{}}],"line":236},"14":{"loc":{"start":{"line":245,"column":2},"end":{"line":247,"column":3}},"type":"if","locations":[{"start":{"line":245,"column":2},"end":{"line":247,"column":3}},{"start":{},"end":{}}],"line":245},"15":{"loc":{"start":{"line":270,"column":2},"end":{"line":272,"column":3}},"type":"if","locations":[{"start":{"line":270,"column":2},"end":{"line":272,"column":3}},{"start":{},"end":{}}],"line":270},"16":{"loc":{"start":{"line":279,"column":2},"end":{"line":281,"column":3}},"type":"if","locations":[{"start":{"line":279,"column":2},"end":{"line":281,"column":3}},{"start":{},"end":{}}],"line":279},"17":{"loc":{"start":{"line":285,"column":2},"end":{"line":287,"column":3}},"type":"if","locations":[{"start":{"line":285,"column":2},"end":{"line":287,"column":3}},{"start":{},"end":{}}],"line":285},"18":{"loc":{"start":{"line":291,"column":2},"end":{"line":295,"column":3}},"type":"if","locations":[{"start":{"line":291,"column":2},"end":{"line":295,"column":3}},{"start":{},"end":{}}],"line":291},"19":{"loc":{"start":{"line":315,"column":2},"end":{"line":317,"column":3}},"type":"if","locations":[{"start":{"line":315,"column":2},"end":{"line":317,"column":3}},{"start":{},"end":{}}],"line":315},"20":{"loc":{"start":{"line":342,"column":2},"end":{"line":342,"column":48}},"type":"if","locations":[{"start":{"line":342,"column":2},"end":{"line":342,"column":48}},{"start":{},"end":{}}],"line":342},"21":{"loc":{"start":{"line":343,"column":2},"end":{"line":343,"column":45}},"type":"if","locations":[{"start":{"line":343,"column":2},"end":{"line":343,"column":45}},{"start":{},"end":{}}],"line":343},"22":{"loc":{"start":{"line":344,"column":2},"end":{"line":344,"column":62}},"type":"if","locations":[{"start":{"line":344,"column":2},"end":{"line":344,"column":62}},{"start":{},"end":{}}],"line":344},"23":{"loc":{"start":{"line":346,"column":2},"end":{"line":348,"column":3}},"type":"if","locations":[{"start":{"line":346,"column":2},"end":{"line":348,"column":3}},{"start":{},"end":{}}],"line":346}},"s":{"0":2,"1":2,"2":2,"3":2,"4":2,"5":5,"6":5,"7":5,"8":2,"9":3,"10":3,"11":0,"12":3,"13":3,"14":3,"15":3,"16":3,"17":3,"18":2,"19":6,"20":6,"21":2,"22":4,"23":4,"24":2,"25":2,"26":2,"27":2,"28":2,"29":0,"30":2,"31":2,"32":1,"33":1,"34":2,"35":0,"36":2,"37":0,"38":0,"39":0,"40":0,"41":0,"42":0,"43":0,"44":0,"45":0,"46":0,"47":2,"48":0,"49":0,"50":0,"51":0,"52":0,"53":0,"54":0,"55":0,"56":2,"57":0,"58":0,"59":0,"60":0,"61":0,"62":0,"63":0,"64":0,"65":0,"66":0,"67":0,"68":0,"69":2,"70":0,"71":0,"72":0,"73":0,"74":0,"75":0,"76":0,"77":0,"78":0,"79":0,"80":0,"81":0,"82":0,"83":0,"84":0,"85":2,"86":2,"87":2,"88":0,"89":2,"90":2,"91":0,"92":0,"93":0,"94":0,"95":0,"96":0,"97":0,"98":0,"99":0,"100":0,"101":0,"102":0,"103":2},"f":{"0":5,"1":6,"2":2,"3":0,"4":0,"5":0,"6":0,"7":0,"8":2,"9":0},"b":{"0":[2,3],"1":[0,3],"2":[3,0],"3":[2,4],"4":[2,2],"5":[0,2],"6":[0,0],"7":[0,0],"8":[0,0],"9":[0,0],"10":[0,0],"11":[0,0],"12":[0,0],"13":[0,0],"14":[0,0],"15":[0,0],"16":[0,0],"17":[0,0],"18":[0,0],"19":[0,2],"20":[0,0],"21":[0,0],"22":[0,0],"23":[0,0]},"_coverageSchema":"1a1c01bbd47fc00a2c39e90264f33305004495a9","hash":"b93b2dd7171f4c6098a7f6c3818b90ff71c4bbb3"}
,"/home/kajisaab/Documents/college/3rd/engineer_management/SkillSync/auth-service/src/utils/error.util.js": {"path":"/home/kajisaab/Documents/college/3rd/engineer_management/SkillSync/auth-service/src/utils/error.util.js","statementMap":{"0":{"start":{"line":11,"column":4},"end":{"line":11,"column":19}},"1":{"start":{"line":12,"column":4},"end":{"line":12,"column":33}},"2":{"start":{"line":13,"column":4},"end":{"line":13,"column":25}},"3":{"start":{"line":14,"column":4},"end":{"line":14,"column":30}},"4":{"start":{"line":15,"column":4},"end":{"line":15,"column":52}},"5":{"start":{"line":24,"column":4},"end":{"line":24,"column":32}},"6":{"start":{"line":33,"column":4},"end":{"line":33,"column":24}},"7":{"start":{"line":42,"column":4},"end":{"line":42,"column":24}},"8":{"start":{"line":51,"column":4},"end":{"line":51,"column":24}},"9":{"start":{"line":60,"column":4},"end":{"line":60,"column":24}},"10":{"start":{"line":69,"column":4},"end":{"line":69,"column":32}},"11":{"start":{"line":78,"column":4},"end":{"line":78,"column":24}},"12":{"start":{"line":87,"column":28},"end":{"line":105,"column":1}},"13":{"start":{"line":88,"column":19},"end":{"line":92,"column":3}},"14":{"start":{"line":95,"column":2},"end":{"line":97,"column":3}},"15":{"start":{"line":96,"column":4},"end":{"line":96,"column":35}},"16":{"start":{"line":100,"column":2},"end":{"line":102,"column":3}},"17":{"start":{"line":101,"column":4},"end":{"line":101,"column":33}},"18":{"start":{"line":104,"column":2},"end":{"line":104,"column":18}},"19":{"start":{"line":112,"column":27},"end":{"line":114,"column":1}},"20":{"start":{"line":113,"column":2},"end":{"line":113,"column":58}},"21":{"start":{"line":121,"column":28},"end":{"line":139,"column":1}},"22":{"start":{"line":123,"column":2},"end":{"line":125,"column":3}},"23":{"start":{"line":124,"column":4},"end":{"line":124,"column":56}},"24":{"start":{"line":128,"column":2},"end":{"line":130,"column":3}},"25":{"start":{"line":129,"column":4},"end":{"line":129,"column":52}},"26":{"start":{"line":133,"column":2},"end":{"line":135,"column":3}},"27":{"start":{"line":134,"column":4},"end":{"line":134,"column":57}},"28":{"start":{"line":138,"column":2},"end":{"line":138,"column":62}},"29":{"start":{"line":146,"column":21},"end":{"line":150,"column":1}},"30":{"start":{"line":147,"column":2},"end":{"line":149,"column":4}},"31":{"start":{"line":148,"column":4},"end":{"line":148,"column":52}},"32":{"start":{"line":152,"column":0},"end":{"line":165,"column":2}}},"fnMap":{"0":{"name":"(anonymous_0)","decl":{"start":{"line":10,"column":2},"end":{"line":10,"column":3}},"loc":{"start":{"line":10,"column":50},"end":{"line":16,"column":3}},"line":10},"1":{"name":"(anonymous_1)","decl":{"start":{"line":23,"column":2},"end":{"line":23,"column":3}},"loc":{"start":{"line":23,"column":54},"end":{"line":25,"column":3}},"line":23},"2":{"name":"(anonymous_2)","decl":{"start":{"line":32,"column":2},"end":{"line":32,"column":3}},"loc":{"start":{"line":32,"column":40},"end":{"line":34,"column":3}},"line":32},"3":{"name":"(anonymous_3)","decl":{"start":{"line":41,"column":2},"end":{"line":41,"column":3}},"loc":{"start":{"line":41,"column":37},"end":{"line":43,"column":3}},"line":41},"4":{"name":"(anonymous_4)","decl":{"start":{"line":50,"column":2},"end":{"line":50,"column":3}},"loc":{"start":{"line":50,"column":46},"end":{"line":52,"column":3}},"line":50},"5":{"name":"(anonymous_5)","decl":{"start":{"line":59,"column":2},"end":{"line":59,"column":3}},"loc":{"start":{"line":59,"column":45},"end":{"line":61,"column":3}},"line":59},"6":{"name":"(anonymous_6)","decl":{"start":{"line":68,"column":2},"end":{"line":68,"column":3}},"loc":{"start":{"line":68,"column":60},"end":{"line":70,"column":3}},"line":68},"7":{"name":"(anonymous_7)","decl":{"start":{"line":77,"column":2},"end":{"line":77,"column":3}},"loc":{"start":{"line":77,"column":49},"end":{"line":79,"column":3}},"line":77},"8":{"name":"(anonymous_8)","decl":{"start":{"line":87,"column":28},"end":{"line":87,"column":29}},"loc":{"start":{"line":87,"column":39},"end":{"line":105,"column":1}},"line":87},"9":{"name":"(anonymous_9)","decl":{"start":{"line":112,"column":27},"end":{"line":112,"column":28}},"loc":{"start":{"line":112,"column":38},"end":{"line":114,"column":1}},"line":112},"10":{"name":"(anonymous_10)","decl":{"start":{"line":121,"column":28},"end":{"line":121,"column":29}},"loc":{"start":{"line":121,"column":39},"end":{"line":139,"column":1}},"line":121},"11":{"name":"(anonymous_11)","decl":{"start":{"line":146,"column":21},"end":{"line":146,"column":22}},"loc":{"start":{"line":146,"column":29},"end":{"line":150,"column":1}},"line":146},"12":{"name":"(anonymous_12)","decl":{"start":{"line":147,"column":9},"end":{"line":147,"column":10}},"loc":{"start":{"line":147,"column":29},"end":{"line":149,"column":3}},"line":147}},"branchMap":{"0":{"loc":{"start":{"line":10,"column":35},"end":{"line":10,"column":48}},"type":"default-arg","locations":[{"start":{"line":10,"column":44},"end":{"line":10,"column":48}}],"line":10},"1":{"loc":{"start":{"line":23,"column":14},"end":{"line":23,"column":37}},"type":"default-arg","locations":[{"start":{"line":23,"column":24},"end":{"line":23,"column":37}}],"line":23},"2":{"loc":{"start":{"line":23,"column":39},"end":{"line":23,"column":52}},"type":"default-arg","locations":[{"start":{"line":23,"column":48},"end":{"line":23,"column":52}}],"line":23},"3":{"loc":{"start":{"line":32,"column":14},"end":{"line":32,"column":38}},"type":"default-arg","locations":[{"start":{"line":32,"column":24},"end":{"line":32,"column":38}}],"line":32},"4":{"loc":{"start":{"line":41,"column":14},"end":{"line":41,"column":35}},"type":"default-arg","locations":[{"start":{"line":41,"column":24},"end":{"line":41,"column":35}}],"line":41},"5":{"loc":{"start":{"line":50,"column":14},"end":{"line":50,"column":44}},"type":"default-arg","locations":[{"start":{"line":50,"column":24},"end":{"line":50,"column":44}}],"line":50},"6":{"loc":{"start":{"line":59,"column":14},"end":{"line":59,"column":43}},"type":"default-arg","locations":[{"start":{"line":59,"column":24},"end":{"line":59,"column":43}}],"line":59},"7":{"loc":{"start":{"line":68,"column":14},"end":{"line":68,"column":43}},"type":"default-arg","locations":[{"start":{"line":68,"column":24},"end":{"line":68,"column":43}}],"line":68},"8":{"loc":{"start":{"line":68,"column":45},"end":{"line":68,"column":58}},"type":"default-arg","locations":[{"start":{"line":68,"column":54},"end":{"line":68,"column":58}}],"line":68},"9":{"loc":{"start":{"line":77,"column":14},"end":{"line":77,"column":47}},"type":"default-arg","locations":[{"start":{"line":77,"column":24},"end":{"line":77,"column":47}}],"line":77},"10":{"loc":{"start":{"line":90,"column":13},"end":{"line":90,"column":60}},"type":"binary-expr","locations":[{"start":{"line":90,"column":13},"end":{"line":90,"column":26}},{"start":{"line":90,"column":30},"end":{"line":90,"column":60}}],"line":90},"11":{"loc":{"start":{"line":91,"column":16},"end":{"line":91,"column":39}},"type":"binary-expr","locations":[{"start":{"line":91,"column":16},"end":{"line":91,"column":32}},{"start":{"line":91,"column":36},"end":{"line":91,"column":39}}],"line":91},"12":{"loc":{"start":{"line":95,"column":2},"end":{"line":97,"column":3}},"type":"if","locations":[{"start":{"line":95,"column":2},"end":{"line":97,"column":3}},{"start":{},"end":{}}],"line":95},"13":{"loc":{"start":{"line":100,"column":2},"end":{"line":102,"column":3}},"type":"if","locations":[{"start":{"line":100,"column":2},"end":{"line":102,"column":3}},{"start":{},"end":{}}],"line":100},"14":{"loc":{"start":{"line":113,"column":9},"end":{"line":113,"column":57}},"type":"binary-expr","locations":[{"start":{"line":113,"column":9},"end":{"line":113,"column":34}},{"start":{"line":113,"column":38},"end":{"line":113,"column":57}}],"line":113},"15":{"loc":{"start":{"line":123,"column":2},"end":{"line":125,"column":3}},"type":"if","locations":[{"start":{"line":123,"column":2},"end":{"line":125,"column":3}},{"start":{},"end":{}}],"line":123},"16":{"loc":{"start":{"line":128,"column":2},"end":{"line":130,"column":3}},"type":"if","locations":[{"start":{"line":128,"column":2},"end":{"line":130,"column":3}},{"start":{},"end":{}}],"line":128},"17":{"loc":{"start":{"line":133,"column":2},"end":{"line":135,"column":3}},"type":"if","locations":[{"start":{"line":133,"column":2},"end":{"line":135,"column":3}},{"start":{},"end":{}}],"line":133}},"s":{"0":17,"1":17,"2":17,"3":17,"4":17,"5":0,"6":8,"7":0,"8":0,"9":2,"10":7,"11":0,"12":2,"13":17,"14":17,"15":7,"16":17,"17":0,"18":17,"19":2,"20":17,"21":2,"22":0,"23":0,"24":0,"25":0,"26":0,"27":0,"28":0,"29":2,"30":22,"31":16,"32":2},"f":{"0":17,"1":0,"2":8,"3":0,"4":0,"5":2,"6":7,"7":0,"8":17,"9":17,"10":0,"11":22,"12":16},"b":{"0":[10],"1":[0],"2":[0],"3":[0],"4":[0],"5":[0],"6":[0],"7":[0],"8":[0],"9":[0],"10":[17,0],"11":[17,0],"12":[7,10],"13":[0,17],"14":[17,17],"15":[0,0],"16":[0,0],"17":[0,0]},"_coverageSchema":"1a1c01bbd47fc00a2c39e90264f33305004495a9","hash":"2945158abb51e0afc46c5f5962ca99310c267c59"}
,"/home/kajisaab/Documents/college/3rd/engineer_management/SkillSync/auth-service/src/utils/jwt.util.js": {"path":"/home/kajisaab/Documents/college/3rd/engineer_management/SkillSync/auth-service/src/utils/jwt.util.js","statementMap":{"0":{"start":{"line":6,"column":12},"end":{"line":6,"column":35}},"1":{"start":{"line":7,"column":23},"end":{"line":7,"column":38}},"2":{"start":{"line":8,"column":41},"end":{"line":8,"column":67}},"3":{"start":{"line":10,"column":19},"end":{"line":10,"column":41}},"4":{"start":{"line":11,"column":28},"end":{"line":11,"column":66}},"5":{"start":{"line":12,"column":29},"end":{"line":12,"column":67}},"6":{"start":{"line":15,"column":24},"end":{"line":28,"column":1}},"7":{"start":{"line":16,"column":16},"end":{"line":21,"column":3}},"8":{"start":{"line":23,"column":16},"end":{"line":23,"column":47}},"9":{"start":{"line":24,"column":2},"end":{"line":24,"column":25}},"10":{"start":{"line":24,"column":14},"end":{"line":24,"column":25}},"11":{"start":{"line":26,"column":26},"end":{"line":26,"column":31}},"12":{"start":{"line":27,"column":2},"end":{"line":27,"column":39}},"13":{"start":{"line":30,"column":19},"end":{"line":30,"column":55}},"14":{"start":{"line":31,"column":20},"end":{"line":31,"column":57}},"15":{"start":{"line":38,"column":28},"end":{"line":55,"column":1}},"16":{"start":{"line":39,"column":2},"end":{"line":41,"column":3}},"17":{"start":{"line":40,"column":4},"end":{"line":40,"column":49}},"18":{"start":{"line":43,"column":23},"end":{"line":48,"column":3}},"19":{"start":{"line":50,"column":2},"end":{"line":54,"column":5}},"20":{"start":{"line":62,"column":29},"end":{"line":94,"column":1}},"21":{"start":{"line":63,"column":2},"end":{"line":65,"column":3}},"22":{"start":{"line":64,"column":4},"end":{"line":64,"column":49}},"23":{"start":{"line":67,"column":18},"end":{"line":67,"column":26}},"24":{"start":{"line":68,"column":23},"end":{"line":73,"column":3}},"25":{"start":{"line":75,"column":16},"end":{"line":79,"column":4}},"26":{"start":{"line":82,"column":19},"end":{"line":82,"column":44}},"27":{"start":{"line":83,"column":2},"end":{"line":91,"column":4}},"28":{"start":{"line":93,"column":2},"end":{"line":93,"column":28}},"29":{"start":{"line":101,"column":26},"end":{"line":122,"column":1}},"30":{"start":{"line":102,"column":2},"end":{"line":121,"column":3}},"31":{"start":{"line":103,"column":20},"end":{"line":106,"column":6}},"32":{"start":{"line":108,"column":4},"end":{"line":110,"column":5}},"33":{"start":{"line":109,"column":6},"end":{"line":109,"column":44}},"34":{"start":{"line":112,"column":4},"end":{"line":112,"column":19}},"35":{"start":{"line":114,"column":4},"end":{"line":116,"column":5}},"36":{"start":{"line":115,"column":6},"end":{"line":115,"column":46}},"37":{"start":{"line":117,"column":4},"end":{"line":119,"column":5}},"38":{"start":{"line":118,"column":6},"end":{"line":118,"column":46}},"39":{"start":{"line":120,"column":4},"end":{"line":120,"column":16}},"40":{"start":{"line":129,"column":27},"end":{"line":158,"column":1}},"41":{"start":{"line":130,"column":2},"end":{"line":157,"column":3}},"42":{"start":{"line":131,"column":20},"end":{"line":134,"column":6}},"43":{"start":{"line":136,"column":4},"end":{"line":138,"column":5}},"44":{"start":{"line":137,"column":6},"end":{"line":137,"column":44}},"45":{"start":{"line":141,"column":21},"end":{"line":141,"column":54}},"46":{"start":{"line":142,"column":24},"end":{"line":142,"column":48}},"47":{"start":{"line":144,"column":4},"end":{"line":146,"column":5}},"48":{"start":{"line":145,"column":6},"end":{"line":145,"column":58}},"49":{"start":{"line":148,"column":4},"end":{"line":148,"column":19}},"50":{"start":{"line":150,"column":4},"end":{"line":152,"column":5}},"51":{"start":{"line":151,"column":6},"end":{"line":151,"column":47}},"52":{"start":{"line":153,"column":4},"end":{"line":155,"column":5}},"53":{"start":{"line":154,"column":6},"end":{"line":154,"column":47}},"54":{"start":{"line":156,"column":4},"end":{"line":156,"column":16}},"55":{"start":{"line":165,"column":27},"end":{"line":168,"column":1}},"56":{"start":{"line":166,"column":19},"end":{"line":166,"column":44}},"57":{"start":{"line":167,"column":2},"end":{"line":167,"column":27}},"58":{"start":{"line":175,"column":28},"end":{"line":180,"column":1}},"59":{"start":{"line":179,"column":2},"end":{"line":179,"column":57}},"60":{"start":{"line":187,"column":26},"end":{"line":197,"column":1}},"61":{"start":{"line":188,"column":22},"end":{"line":188,"column":50}},"62":{"start":{"line":189,"column":43},"end":{"line":189,"column":78}},"63":{"start":{"line":191,"column":2},"end":{"line":196,"column":4}},"64":{"start":{"line":204,"column":27},"end":{"line":219,"column":1}},"65":{"start":{"line":206,"column":18},"end":{"line":206,"column":56}},"66":{"start":{"line":209,"column":22},"end":{"line":213,"column":4}},"67":{"start":{"line":215,"column":2},"end":{"line":218,"column":4}},"68":{"start":{"line":226,"column":20},"end":{"line":228,"column":1}},"69":{"start":{"line":227,"column":2},"end":{"line":227,"column":27}},"70":{"start":{"line":230,"column":0},"end":{"line":240,"column":2}}},"fnMap":{"0":{"name":"(anonymous_0)","decl":{"start":{"line":15,"column":24},"end":{"line":15,"column":25}},"loc":{"start":{"line":15,"column":36},"end":{"line":28,"column":1}},"line":15},"1":{"name":"(anonymous_1)","decl":{"start":{"line":38,"column":28},"end":{"line":38,"column":29}},"loc":{"start":{"line":38,"column":41},"end":{"line":55,"column":1}},"line":38},"2":{"name":"(anonymous_2)","decl":{"start":{"line":62,"column":29},"end":{"line":62,"column":30}},"loc":{"start":{"line":62,"column":48},"end":{"line":94,"column":1}},"line":62},"3":{"name":"(anonymous_3)","decl":{"start":{"line":101,"column":26},"end":{"line":101,"column":27}},"loc":{"start":{"line":101,"column":37},"end":{"line":122,"column":1}},"line":101},"4":{"name":"(anonymous_4)","decl":{"start":{"line":129,"column":27},"end":{"line":129,"column":28}},"loc":{"start":{"line":129,"column":44},"end":{"line":158,"column":1}},"line":129},"5":{"name":"(anonymous_5)","decl":{"start":{"line":165,"column":27},"end":{"line":165,"column":28}},"loc":{"start":{"line":165,"column":46},"end":{"line":168,"column":1}},"line":165},"6":{"name":"(anonymous_6)","decl":{"start":{"line":175,"column":28},"end":{"line":175,"column":29}},"loc":{"start":{"line":175,"column":46},"end":{"line":180,"column":1}},"line":175},"7":{"name":"(anonymous_7)","decl":{"start":{"line":187,"column":26},"end":{"line":187,"column":27}},"loc":{"start":{"line":187,"column":45},"end":{"line":197,"column":1}},"line":187},"8":{"name":"(anonymous_8)","decl":{"start":{"line":204,"column":27},"end":{"line":204,"column":28}},"loc":{"start":{"line":204,"column":51},"end":{"line":219,"column":1}},"line":204},"9":{"name":"(anonymous_9)","decl":{"start":{"line":226,"column":20},"end":{"line":226,"column":21}},"loc":{"start":{"line":226,"column":31},"end":{"line":228,"column":1}},"line":226}},"branchMap":{"0":{"loc":{"start":{"line":11,"column":28},"end":{"line":11,"column":66}},"type":"binary-expr","locations":[{"start":{"line":11,"column":28},"end":{"line":11,"column":57}},{"start":{"line":11,"column":61},"end":{"line":11,"column":66}}],"line":11},"1":{"loc":{"start":{"line":12,"column":29},"end":{"line":12,"column":67}},"type":"binary-expr","locations":[{"start":{"line":12,"column":29},"end":{"line":12,"column":59}},{"start":{"line":12,"column":63},"end":{"line":12,"column":67}}],"line":12},"2":{"loc":{"start":{"line":24,"column":2},"end":{"line":24,"column":25}},"type":"if","locations":[{"start":{"line":24,"column":2},"end":{"line":24,"column":25}},{"start":{},"end":{}}],"line":24},"3":{"loc":{"start":{"line":39,"column":2},"end":{"line":41,"column":3}},"type":"if","locations":[{"start":{"line":39,"column":2},"end":{"line":41,"column":3}},{"start":{},"end":{}}],"line":39},"4":{"loc":{"start":{"line":63,"column":2},"end":{"line":65,"column":3}},"type":"if","locations":[{"start":{"line":63,"column":2},"end":{"line":65,"column":3}},{"start":{},"end":{}}],"line":63},"5":{"loc":{"start":{"line":108,"column":4},"end":{"line":110,"column":5}},"type":"if","locations":[{"start":{"line":108,"column":4},"end":{"line":110,"column":5}},{"start":{},"end":{}}],"line":108},"6":{"loc":{"start":{"line":114,"column":4},"end":{"line":116,"column":5}},"type":"if","locations":[{"start":{"line":114,"column":4},"end":{"line":116,"column":5}},{"start":{},"end":{}}],"line":114},"7":{"loc":{"start":{"line":117,"column":4},"end":{"line":119,"column":5}},"type":"if","locations":[{"start":{"line":117,"column":4},"end":{"line":119,"column":5}},{"start":{},"end":{}}],"line":117},"8":{"loc":{"start":{"line":136,"column":4},"end":{"line":138,"column":5}},"type":"if","locations":[{"start":{"line":136,"column":4},"end":{"line":138,"column":5}},{"start":{},"end":{}}],"line":136},"9":{"loc":{"start":{"line":144,"column":4},"end":{"line":146,"column":5}},"type":"if","locations":[{"start":{"line":144,"column":4},"end":{"line":146,"column":5}},{"start":{},"end":{}}],"line":144},"10":{"loc":{"start":{"line":150,"column":4},"end":{"line":152,"column":5}},"type":"if","locations":[{"start":{"line":150,"column":4},"end":{"line":152,"column":5}},{"start":{},"end":{}}],"line":150},"11":{"loc":{"start":{"line":153,"column":4},"end":{"line":155,"column":5}},"type":"if","locations":[{"start":{"line":153,"column":4},"end":{"line":155,"column":5}},{"start":{},"end":{}}],"line":153}},"s":{"0":2,"1":2,"2":2,"3":2,"4":2,"5":2,"6":2,"7":4,"8":4,"9":4,"10":0,"11":4,"12":4,"13":2,"14":2,"15":2,"16":8,"17":0,"18":8,"19":8,"20":2,"21":5,"22":0,"23":5,"24":5,"25":5,"26":5,"27":5,"28":5,"29":2,"30":3,"31":3,"32":2,"33":0,"34":2,"35":1,"36":0,"37":1,"38":1,"39":0,"40":2,"41":2,"42":2,"43":1,"44":0,"45":1,"46":1,"47":1,"48":0,"49":1,"50":1,"51":0,"52":1,"53":1,"54":0,"55":2,"56":0,"57":0,"58":2,"59":0,"60":2,"61":5,"62":5,"63":5,"64":2,"65":2,"66":1,"67":1,"68":2,"69":0,"70":2},"f":{"0":4,"1":8,"2":5,"3":3,"4":2,"5":0,"6":0,"7":5,"8":2,"9":0},"b":{"0":[2,0],"1":[2,0],"2":[0,4],"3":[0,8],"4":[0,5],"5":[0,2],"6":[0,1],"7":[1,0],"8":[0,1],"9":[0,1],"10":[0,1],"11":[1,0]},"_coverageSchema":"1a1c01bbd47fc00a2c39e90264f33305004495a9","hash":"b5ba7ef5c9d14a34a0ffe3fae0b6ec45978ccda4"}
,"/home/kajisaab/Documents/college/3rd/engineer_management/SkillSync/auth-service/src/utils/password.util.js": {"path":"/home/kajisaab/Documents/college/3rd/engineer_management/SkillSync/auth-service/src/utils/password.util.js","statementMap":{"0":{"start":{"line":6,"column":15},"end":{"line":6,"column":34}},"1":{"start":{"line":7,"column":15},"end":{"line":7,"column":32}},"2":{"start":{"line":9,"column":20},"end":{"line":9,"column":61}},"3":{"start":{"line":16,"column":21},"end":{"line":25,"column":1}},"4":{"start":{"line":17,"column":2},"end":{"line":24,"column":3}},"5":{"start":{"line":18,"column":17},"end":{"line":18,"column":50}},"6":{"start":{"line":19,"column":27},"end":{"line":19,"column":60}},"7":{"start":{"line":20,"column":4},"end":{"line":20,"column":26}},"8":{"start":{"line":22,"column":4},"end":{"line":22,"column":60}},"9":{"start":{"line":23,"column":4},"end":{"line":23,"column":47}},"10":{"start":{"line":33,"column":24},"end":{"line":41,"column":1}},"11":{"start":{"line":34,"column":2},"end":{"line":40,"column":3}},"12":{"start":{"line":35,"column":20},"end":{"line":35,"column":56}},"13":{"start":{"line":36,"column":4},"end":{"line":36,"column":19}},"14":{"start":{"line":38,"column":4},"end":{"line":38,"column":62}},"15":{"start":{"line":39,"column":4},"end":{"line":39,"column":50}},"16":{"start":{"line":49,"column":33},"end":{"line":76,"column":1}},"17":{"start":{"line":50,"column":17},"end":{"line":50,"column":19}},"18":{"start":{"line":52,"column":2},"end":{"line":54,"column":3}},"19":{"start":{"line":53,"column":4},"end":{"line":53,"column":63}},"20":{"start":{"line":56,"column":2},"end":{"line":58,"column":3}},"21":{"start":{"line":57,"column":4},"end":{"line":57,"column":71}},"22":{"start":{"line":60,"column":2},"end":{"line":62,"column":3}},"23":{"start":{"line":61,"column":4},"end":{"line":61,"column":71}},"24":{"start":{"line":64,"column":2},"end":{"line":66,"column":3}},"25":{"start":{"line":65,"column":4},"end":{"line":65,"column":61}},"26":{"start":{"line":68,"column":2},"end":{"line":70,"column":3}},"27":{"start":{"line":69,"column":4},"end":{"line":69,"column":72}},"28":{"start":{"line":72,"column":2},"end":{"line":75,"column":4}},"29":{"start":{"line":83,"column":28},"end":{"line":85,"column":1}},"30":{"start":{"line":84,"column":2},"end":{"line":84,"column":52}},"31":{"start":{"line":92,"column":18},"end":{"line":94,"column":1}},"32":{"start":{"line":93,"column":2},"end":{"line":93,"column":65}},"33":{"start":{"line":100,"column":35},"end":{"line":108,"column":1}},"34":{"start":{"line":101,"column":16},"end":{"line":101,"column":37}},"35":{"start":{"line":102,"column":22},"end":{"line":102,"column":38}},"36":{"start":{"line":104,"column":2},"end":{"line":107,"column":4}},"37":{"start":{"line":114,"column":39},"end":{"line":122,"column":1}},"38":{"start":{"line":115,"column":16},"end":{"line":115,"column":37}},"39":{"start":{"line":116,"column":22},"end":{"line":116,"column":38}},"40":{"start":{"line":118,"column":2},"end":{"line":121,"column":4}},"41":{"start":{"line":124,"column":0},"end":{"line":132,"column":2}}},"fnMap":{"0":{"name":"(anonymous_0)","decl":{"start":{"line":16,"column":21},"end":{"line":16,"column":22}},"loc":{"start":{"line":16,"column":41},"end":{"line":25,"column":1}},"line":16},"1":{"name":"(anonymous_1)","decl":{"start":{"line":33,"column":24},"end":{"line":33,"column":25}},"loc":{"start":{"line":33,"column":50},"end":{"line":41,"column":1}},"line":33},"2":{"name":"(anonymous_2)","decl":{"start":{"line":49,"column":33},"end":{"line":49,"column":34}},"loc":{"start":{"line":49,"column":47},"end":{"line":76,"column":1}},"line":49},"3":{"name":"(anonymous_3)","decl":{"start":{"line":83,"column":28},"end":{"line":83,"column":29}},"loc":{"start":{"line":83,"column":45},"end":{"line":85,"column":1}},"line":83},"4":{"name":"(anonymous_4)","decl":{"start":{"line":92,"column":18},"end":{"line":92,"column":19}},"loc":{"start":{"line":92,"column":29},"end":{"line":94,"column":1}},"line":92},"5":{"name":"(anonymous_5)","decl":{"start":{"line":100,"column":35},"end":{"line":100,"column":36}},"loc":{"start":{"line":100,"column":41},"end":{"line":108,"column":1}},"line":100},"6":{"name":"(anonymous_6)","decl":{"start":{"line":114,"column":39},"end":{"line":114,"column":40}},"loc":{"start":{"line":114,"column":45},"end":{"line":122,"column":1}},"line":114}},"branchMap":{"0":{"loc":{"start":{"line":9,"column":20},"end":{"line":9,"column":61}},"type":"binary-expr","locations":[{"start":{"line":9,"column":20},"end":{"line":9,"column":55}},{"start":{"line":9,"column":59},"end":{"line":9,"column":61}}],"line":9},"1":{"loc":{"start":{"line":52,"column":2},"end":{"line":54,"column":3}},"type":"if","locations":[{"start":{"line":52,"column":2},"end":{"line":54,"column":3}},{"start":{},"end":{}}],"line":52},"2":{"loc":{"start":{"line":56,"column":2},"end":{"line":58,"column":3}},"type":"if","locations":[{"start":{"line":56,"column":2},"end":{"line":58,"column":3}},{"start":{},"end":{}}],"line":56},"3":{"loc":{"start":{"line":60,"column":2},"end":{"line":62,"column":3}},"type":"if","locations":[{"start":{"line":60,"column":2},"end":{"line":62,"column":3}},{"start":{},"end":{}}],"line":60},"4":{"loc":{"start":{"line":64,"column":2},"end":{"line":66,"column":3}},"type":"if","locations":[{"start":{"line":64,"column":2},"end":{"line":66,"column":3}},{"start":{},"end":{}}],"line":64},"5":{"loc":{"start":{"line":68,"column":2},"end":{"line":70,"column":3}},"type":"if","locations":[{"start":{"line":68,"column":2},"end":{"line":70,"column":3}},{"start":{},"end":{}}],"line":68},"6":{"loc":{"start":{"line":83,"column":29},"end":{"line":83,"column":40}},"type":"default-arg","locations":[{"start":{"line":83,"column":38},"end":{"line":83,"column":40}}],"line":83}},"s":{"0":2,"1":2,"2":2,"3":2,"4":3,"5":3,"6":3,"7":3,"8":0,"9":0,"10":2,"11":4,"12":4,"13":4,"14":0,"15":0,"16":2,"17":3,"18":3,"19":0,"20":3,"21":0,"22":3,"23":0,"24":3,"25":0,"26":3,"27":0,"28":3,"29":2,"30":3,"31":2,"32":3,"33":2,"34":0,"35":0,"36":0,"37":2,"38":3,"39":3,"40":3,"41":2},"f":{"0":3,"1":4,"2":3,"3":3,"4":3,"5":0,"6":3},"b":{"0":[2,0],"1":[0,3],"2":[0,3],"3":[0,3],"4":[0,3],"5":[0,3],"6":[3]},"_coverageSchema":"1a1c01bbd47fc00a2c39e90264f33305004495a9","hash":"05c086879fb19f18f12ecf32cb40496c513ec30b"}
,"/home/kajisaab/Documents/college/3rd/engineer_management/SkillSync/auth-service/src/validators/auth.validator.js": {"path":"/home/kajisaab/Documents/college/3rd/engineer_management/SkillSync/auth-service/src/validators/auth.validator.js","statementMap":{"0":{"start":{"line":6,"column":12},"end":{"line":6,"column":26}},"1":{"start":{"line":11,"column":23},"end":{"line":44,"column":2}},"2":{"start":{"line":49,"column":20},"end":{"line":58,"column":2}},"3":{"start":{"line":63,"column":22},"end":{"line":67,"column":2}},"4":{"start":{"line":72,"column":26},"end":{"line":76,"column":2}},"5":{"start":{"line":81,"column":27},"end":{"line":86,"column":2}},"6":{"start":{"line":91,"column":28},"end":{"line":100,"column":2}},"7":{"start":{"line":105,"column":29},"end":{"line":114,"column":2}},"8":{"start":{"line":119,"column":28},"end":{"line":137,"column":4}},"9":{"start":{"line":139,"column":0},"end":{"line":148,"column":2}}},"fnMap":{},"branchMap":{},"s":{"0":2,"1":2,"2":2,"3":2,"4":2,"5":2,"6":2,"7":2,"8":2,"9":2},"f":{},"b":{},"_coverageSchema":"1a1c01bbd47fc00a2c39e90264f33305004495a9","hash":"fafc7d98839ffbed8018b242ad3fbb39166d9f51"}
}
