TN:
SF:src/app.js
FNF:0
FNH:0
DA:6,2
DA:7,2
DA:8,2
DA:9,2
DA:10,2
DA:11,2
DA:12,2
DA:16,2
DA:19,2
DA:22,2
DA:25,2
DA:32,2
DA:33,0
DA:35,2
DA:38,2
DA:40,2
DA:42,2
DA:44,2
DA:46,2
DA:49,2
DA:51,2
LF:21
LH:20
BRDA:27,0,0,2
BRDA:27,0,1,2
BRDA:32,1,0,0
BRDA:32,1,1,2
BRF:4
BRH:3
end_of_record
TN:
SF:src/controller/auth.controller.js
FN:13,(anonymous_0)
FN:32,(anonymous_1)
FN:52,(anonymous_2)
FN:70,(anonymous_3)
FN:88,(anonymous_4)
FN:103,(anonymous_5)
FN:121,(anonymous_6)
FN:135,(anonymous_7)
FN:155,(anonymous_8)
FN:169,(anonymous_9)
FN:184,(anonymous_10)
FNF:11
FNH:5
FNDA:5,(anonymous_0)
FNDA:6,(anonymous_1)
FNDA:2,(anonymous_2)
FNDA:0,(anonymous_3)
FNDA:0,(anonymous_4)
FNDA:0,(anonymous_5)
FNDA:0,(anonymous_6)
FNDA:0,(anonymous_7)
FNDA:2,(anonymous_8)
FNDA:0,(anonymous_9)
FNDA:1,(anonymous_10)
DA:6,2
DA:7,2
DA:13,2
DA:14,5
DA:16,3
DA:32,2
DA:33,6
DA:34,6
DA:36,2
DA:52,2
DA:53,2
DA:54,2
DA:56,1
DA:70,2
DA:72,0
DA:74,0
DA:75,0
DA:78,0
DA:88,2
DA:89,0
DA:90,0
DA:92,0
DA:103,2
DA:104,0
DA:105,0
DA:107,0
DA:121,2
DA:122,0
DA:123,0
DA:125,0
DA:135,2
DA:136,0
DA:137,0
DA:139,0
DA:145,0
DA:155,2
DA:156,2
DA:157,2
DA:159,2
DA:169,2
DA:170,0
DA:171,0
DA:173,0
DA:184,2
DA:185,1
DA:194,2
LF:46
LH:26
BRDA:74,0,0,0
BRDA:74,0,1,0
BRDA:111,1,0,0
BRDA:111,1,1,0
BRF:4
BRH:0
end_of_record
TN:
SF:src/middlewares/auth.middleware.js
FN:13,(anonymous_0)
FN:49,(anonymous_1)
FN:50,(anonymous_2)
FN:71,(anonymous_3)
FNF:4
FNH:1
FNDA:5,(anonymous_0)
FNDA:0,(anonymous_1)
FNDA:0,(anonymous_2)
FNDA:0,(anonymous_3)
DA:6,2
DA:7,2
DA:13,2
DA:14,5
DA:16,5
DA:18,5
DA:19,2
DA:22,3
DA:25,3
DA:28,2
DA:34,2
DA:36,3
DA:37,2
DA:39,1
DA:49,2
DA:50,0
DA:51,0
DA:52,0
DA:53,0
DA:56,0
DA:57,0
DA:60,0
DA:62,0
DA:71,2
DA:72,0
DA:73,0
DA:75,0
DA:76,0
DA:77,0
DA:79,0
DA:86,0
DA:89,0
DA:93,2
LF:33
LH:17
BRDA:18,0,0,2
BRDA:18,0,1,3
BRDA:18,1,0,5
BRDA:18,1,1,3
BRDA:36,2,0,2
BRDA:36,2,1,1
BRDA:52,3,0,0
BRDA:52,3,1,0
BRDA:56,4,0,0
BRDA:56,4,1,0
BRDA:75,5,0,0
BRDA:75,5,1,0
BRDA:75,6,0,0
BRDA:75,6,1,0
BRF:14
BRH:6
end_of_record
TN:
SF:src/middlewares/error.middleware.js
FN:15,(anonymous_0)
FN:27,(anonymous_1)
FN:52,(anonymous_2)
FN:53,(anonymous_3)
FNF:4
FNH:2
FNDA:1,(anonymous_0)
FNDA:17,(anonymous_1)
FNDA:0,(anonymous_2)
FNDA:0,(anonymous_3)
DA:9,2
DA:15,2
DA:16,1
DA:27,2
DA:29,17
DA:30,0
DA:32,17
DA:36,17
DA:39,17
DA:42,17
DA:43,0
DA:44,0
DA:52,2
DA:53,0
DA:54,0
DA:58,2
LF:16
LH:11
BRDA:29,0,0,0
BRDA:29,0,1,17
BRDA:42,1,0,0
BRDA:42,1,1,17
BRDA:42,2,0,17
BRDA:42,2,1,0
BRF:6
BRH:3
end_of_record
TN:
SF:src/middlewares/validation.middleware.js
FN:13,(anonymous_0)
FN:14,(anonymous_1)
FN:22,(anonymous_2)
FN:41,(anonymous_3)
FN:42,(anonymous_4)
FN:49,(anonymous_5)
FN:67,(anonymous_6)
FN:68,(anonymous_7)
FN:75,(anonymous_8)
FNF:9
FNH:3
FNDA:16,(anonymous_0)
FNDA:20,(anonymous_1)
FNDA:11,(anonymous_2)
FNDA:0,(anonymous_3)
FNDA:0,(anonymous_4)
FNDA:0,(anonymous_5)
FNDA:0,(anonymous_6)
FNDA:0,(anonymous_7)
FNDA:0,(anonymous_8)
DA:6,2
DA:13,2
DA:14,16
DA:15,20
DA:20,20
DA:22,11
DA:27,7
DA:31,13
DA:32,13
DA:41,2
DA:42,0
DA:43,0
DA:48,0
DA:49,0
DA:54,0
DA:57,0
DA:58,0
DA:67,2
DA:68,0
DA:69,0
DA:74,0
DA:75,0
DA:80,0
DA:83,0
DA:84,0
DA:88,2
LF:26
LH:12
BRDA:20,0,0,7
BRDA:20,0,1,13
BRDA:48,1,0,0
BRDA:48,1,1,0
BRDA:74,2,0,0
BRDA:74,2,1,0
BRF:6
BRH:2
end_of_record
TN:
SF:src/repositories/user.repository.js
FN:14,(anonymous_0)
FN:38,(anonymous_1)
FN:60,(anonymous_2)
FN:82,(anonymous_3)
FN:103,(anonymous_4)
FN:125,(anonymous_5)
FN:131,(anonymous_6)
FN:167,(anonymous_7)
FN:185,(anonymous_8)
FN:211,(anonymous_9)
FN:232,(anonymous_10)
FN:253,(anonymous_11)
FN:269,(anonymous_12)
FN:283,(anonymous_13)
FNF:14
FNH:4
FNDA:3,(anonymous_0)
FNDA:2,(anonymous_1)
FNDA:11,(anonymous_2)
FNDA:0,(anonymous_3)
FNDA:0,(anonymous_4)
FNDA:0,(anonymous_5)
FNDA:0,(anonymous_6)
FNDA:3,(anonymous_7)
FNDA:0,(anonymous_8)
FNDA:0,(anonymous_9)
FNDA:0,(anonymous_10)
FNDA:0,(anonymous_11)
FNDA:0,(anonymous_12)
FNDA:0,(anonymous_13)
DA:6,2
DA:7,2
DA:14,2
DA:16,3
DA:18,3
DA:19,3
DA:27,3
DA:29,0
DA:38,2
DA:39,2
DA:40,2
DA:49,2
DA:51,0
DA:60,2
DA:61,11
DA:62,11
DA:71,11
DA:73,0
DA:82,2
DA:83,0
DA:84,0
DA:92,0
DA:94,0
DA:103,2
DA:104,0
DA:105,0
DA:113,0
DA:115,0
DA:125,2
DA:126,0
DA:127,0
DA:128,0
DA:131,0
DA:132,0
DA:133,0
DA:134,0
DA:135,0
DA:139,0
DA:140,0
DA:143,0
DA:145,0
DA:146,0
DA:155,0
DA:157,0
DA:167,2
DA:168,3
DA:169,3
DA:176,0
DA:185,2
DA:186,0
DA:187,0
DA:198,0
DA:200,0
DA:211,2
DA:212,0
DA:213,0
DA:222,0
DA:232,2
DA:233,0
DA:234,0
DA:244,0
DA:253,2
DA:254,0
DA:255,0
DA:259,0
DA:261,0
DA:269,2
DA:270,0
DA:271,0
DA:272,0
DA:274,0
DA:283,2
DA:284,0
DA:285,0
DA:290,0
DA:292,0
DA:296,2
LF:77
LH:28
BRDA:24,0,0,3
BRDA:24,0,1,3
BRDA:49,1,0,2
BRDA:49,1,1,0
BRDA:71,2,0,11
BRDA:71,2,1,5
BRDA:92,3,0,0
BRDA:92,3,1,0
BRDA:113,4,0,0
BRDA:113,4,1,0
BRDA:132,5,0,0
BRDA:132,5,1,0
BRDA:139,6,0,0
BRDA:139,6,1,0
BRF:14
BRH:5
end_of_record
TN:
SF:src/routes/auth.routes.js
FNF:0
FNH:0
DA:6,2
DA:7,2
DA:8,2
DA:9,2
DA:19,2
DA:21,2
DA:28,2
DA:31,2
DA:34,2
DA:37,2
DA:44,2
DA:51,2
DA:62,2
DA:65,2
DA:73,2
DA:76,2
DA:83,2
LF:17
LH:17
BRF:0
BRH:0
end_of_record
TN:
SF:src/services/auth.service.js
FN:32,(anonymous_0)
FN:95,(anonymous_1)
FN:136,(anonymous_2)
FN:154,(anonymous_3)
FN:163,(anonymous_4)
FN:196,(anonymous_5)
FN:229,(anonymous_6)
FN:267,(anonymous_7)
FN:313,(anonymous_8)
FN:338,(anonymous_9)
FNF:10
FNH:4
FNDA:5,(anonymous_0)
FNDA:6,(anonymous_1)
FNDA:2,(anonymous_2)
FNDA:0,(anonymous_3)
FNDA:0,(anonymous_4)
FNDA:0,(anonymous_5)
FNDA:0,(anonymous_6)
FNDA:0,(anonymous_7)
FNDA:2,(anonymous_8)
FNDA:0,(anonymous_9)
DA:6,2
DA:14,2
DA:19,2
DA:25,2
DA:32,2
DA:33,5
DA:36,5
DA:37,5
DA:38,2
DA:42,3
DA:43,3
DA:44,0
DA:48,3
DA:51,3
DA:62,3
DA:63,3
DA:66,3
DA:73,3
DA:95,2
DA:97,6
DA:98,6
DA:99,2
DA:103,4
DA:104,4
DA:105,2
DA:109,2
DA:116,2
DA:136,2
DA:137,2
DA:138,0
DA:141,2
DA:142,2
DA:143,1
DA:145,1
DA:154,2
DA:155,0
DA:163,2
DA:164,0
DA:165,0
DA:169,0
DA:172,0
DA:173,0
DA:174,0
DA:177,0
DA:178,0
DA:182,0
DA:184,0
DA:196,2
DA:198,0
DA:199,0
DA:201,0
DA:207,0
DA:210,0
DA:211,0
DA:214,0
DA:217,0
DA:229,2
DA:230,0
DA:231,0
DA:235,0
DA:236,0
DA:237,0
DA:241,0
DA:244,0
DA:245,0
DA:246,0
DA:250,0
DA:253,0
DA:255,0
DA:267,2
DA:269,0
DA:270,0
DA:271,0
DA:275,0
DA:279,0
DA:280,0
DA:284,0
DA:285,0
DA:286,0
DA:290,0
DA:291,0
DA:292,0
DA:298,0
DA:301,0
DA:303,0
DA:313,2
DA:314,2
DA:315,2
DA:316,0
DA:319,2
DA:338,2
DA:339,0
DA:341,0
DA:342,0
DA:343,0
DA:344,0
DA:346,0
DA:347,0
DA:350,0
DA:352,0
DA:364,2
LF:101
LH:43
BRDA:37,0,0,2
BRDA:37,0,1,3
BRDA:43,1,0,0
BRDA:43,1,1,3
BRDA:54,2,0,3
BRDA:54,2,1,0
BRDA:98,3,0,2
BRDA:98,3,1,4
BRDA:104,4,0,2
BRDA:104,4,1,2
BRDA:137,5,0,0
BRDA:137,5,1,2
BRDA:164,6,0,0
BRDA:164,6,1,0
BRDA:173,7,0,0
BRDA:173,7,1,0
BRDA:177,8,0,0
BRDA:177,8,1,0
BRDA:199,9,0,0
BRDA:199,9,1,0
BRDA:210,10,0,0
BRDA:210,10,1,0
BRDA:230,11,0,0
BRDA:230,11,1,0
BRDA:230,12,0,0
BRDA:230,12,1,0
BRDA:236,13,0,0
BRDA:236,13,1,0
BRDA:245,14,0,0
BRDA:245,14,1,0
BRDA:270,15,0,0
BRDA:270,15,1,0
BRDA:279,16,0,0
BRDA:279,16,1,0
BRDA:285,17,0,0
BRDA:285,17,1,0
BRDA:291,18,0,0
BRDA:291,18,1,0
BRDA:315,19,0,0
BRDA:315,19,1,2
BRDA:342,20,0,0
BRDA:342,20,1,0
BRDA:343,21,0,0
BRDA:343,21,1,0
BRDA:344,22,0,0
BRDA:344,22,1,0
BRDA:346,23,0,0
BRDA:346,23,1,0
BRF:48
BRH:10
end_of_record
TN:
SF:src/utils/error.util.js
FN:10,(anonymous_0)
FN:23,(anonymous_1)
FN:32,(anonymous_2)
FN:41,(anonymous_3)
FN:50,(anonymous_4)
FN:59,(anonymous_5)
FN:68,(anonymous_6)
FN:77,(anonymous_7)
FN:87,(anonymous_8)
FN:112,(anonymous_9)
FN:121,(anonymous_10)
FN:146,(anonymous_11)
FN:147,(anonymous_12)
FNF:13
FNH:8
FNDA:17,(anonymous_0)
FNDA:0,(anonymous_1)
FNDA:8,(anonymous_2)
FNDA:0,(anonymous_3)
FNDA:0,(anonymous_4)
FNDA:2,(anonymous_5)
FNDA:7,(anonymous_6)
FNDA:0,(anonymous_7)
FNDA:17,(anonymous_8)
FNDA:17,(anonymous_9)
FNDA:0,(anonymous_10)
FNDA:22,(anonymous_11)
FNDA:16,(anonymous_12)
DA:11,17
DA:12,17
DA:13,17
DA:14,17
DA:15,17
DA:24,0
DA:33,8
DA:42,0
DA:51,0
DA:60,2
DA:69,7
DA:78,0
DA:87,2
DA:88,17
DA:95,17
DA:96,7
DA:100,17
DA:101,0
DA:104,17
DA:112,2
DA:113,17
DA:121,2
DA:123,0
DA:124,0
DA:128,0
DA:129,0
DA:133,0
DA:134,0
DA:138,0
DA:146,2
DA:147,22
DA:148,16
DA:152,2
LF:33
LH:21
BRDA:10,0,0,10
BRDA:23,1,0,0
BRDA:23,2,0,0
BRDA:32,3,0,0
BRDA:41,4,0,0
BRDA:50,5,0,0
BRDA:59,6,0,0
BRDA:68,7,0,0
BRDA:68,8,0,0
BRDA:77,9,0,0
BRDA:90,10,0,17
BRDA:90,10,1,0
BRDA:91,11,0,17
BRDA:91,11,1,0
BRDA:95,12,0,7
BRDA:95,12,1,10
BRDA:100,13,0,0
BRDA:100,13,1,17
BRDA:113,14,0,17
BRDA:113,14,1,17
BRDA:123,15,0,0
BRDA:123,15,1,0
BRDA:128,16,0,0
BRDA:128,16,1,0
BRDA:133,17,0,0
BRDA:133,17,1,0
BRF:26
BRH:8
end_of_record
TN:
SF:src/utils/jwt.util.js
FN:15,(anonymous_0)
FN:38,(anonymous_1)
FN:62,(anonymous_2)
FN:101,(anonymous_3)
FN:129,(anonymous_4)
FN:165,(anonymous_5)
FN:175,(anonymous_6)
FN:187,(anonymous_7)
FN:204,(anonymous_8)
FN:226,(anonymous_9)
FNF:10
FNH:7
FNDA:4,(anonymous_0)
FNDA:8,(anonymous_1)
FNDA:5,(anonymous_2)
FNDA:3,(anonymous_3)
FNDA:2,(anonymous_4)
FNDA:0,(anonymous_5)
FNDA:0,(anonymous_6)
FNDA:5,(anonymous_7)
FNDA:2,(anonymous_8)
FNDA:0,(anonymous_9)
DA:6,2
DA:7,2
DA:8,2
DA:10,2
DA:11,2
DA:12,2
DA:15,2
DA:16,4
DA:23,4
DA:24,4
DA:26,4
DA:27,4
DA:30,2
DA:31,2
DA:38,2
DA:39,8
DA:40,0
DA:43,8
DA:50,8
DA:62,2
DA:63,5
DA:64,0
DA:67,5
DA:68,5
DA:75,5
DA:82,5
DA:83,5
DA:93,5
DA:101,2
DA:102,3
DA:103,3
DA:108,2
DA:109,0
DA:112,2
DA:114,1
DA:115,0
DA:117,1
DA:118,1
DA:120,0
DA:129,2
DA:130,2
DA:131,2
DA:136,1
DA:137,0
DA:141,1
DA:142,1
DA:144,1
DA:145,0
DA:148,1
DA:150,1
DA:151,0
DA:153,1
DA:154,1
DA:156,0
DA:165,2
DA:166,0
DA:167,0
DA:175,2
DA:179,0
DA:187,2
DA:188,5
DA:189,5
DA:191,5
DA:204,2
DA:206,2
DA:209,1
DA:215,1
DA:226,2
DA:227,0
DA:230,2
LF:70
LH:57
BRDA:11,0,0,2
BRDA:11,0,1,0
BRDA:12,1,0,2
BRDA:12,1,1,0
BRDA:24,2,0,0
BRDA:24,2,1,4
BRDA:39,3,0,0
BRDA:39,3,1,8
BRDA:63,4,0,0
BRDA:63,4,1,5
BRDA:108,5,0,0
BRDA:108,5,1,2
BRDA:114,6,0,0
BRDA:114,6,1,1
BRDA:117,7,0,1
BRDA:117,7,1,0
BRDA:136,8,0,0
BRDA:136,8,1,1
BRDA:144,9,0,0
BRDA:144,9,1,1
BRDA:150,10,0,0
BRDA:150,10,1,1
BRDA:153,11,0,1
BRDA:153,11,1,0
BRF:24
BRH:12
end_of_record
TN:
SF:src/utils/password.util.js
FN:16,(anonymous_0)
FN:33,(anonymous_1)
FN:49,(anonymous_2)
FN:83,(anonymous_3)
FN:92,(anonymous_4)
FN:100,(anonymous_5)
FN:114,(anonymous_6)
FNF:7
FNH:6
FNDA:3,(anonymous_0)
FNDA:4,(anonymous_1)
FNDA:3,(anonymous_2)
FNDA:3,(anonymous_3)
FNDA:3,(anonymous_4)
FNDA:0,(anonymous_5)
FNDA:3,(anonymous_6)
DA:6,2
DA:7,2
DA:9,2
DA:16,2
DA:17,3
DA:18,3
DA:19,3
DA:20,3
DA:22,0
DA:23,0
DA:33,2
DA:34,4
DA:35,4
DA:36,4
DA:38,0
DA:39,0
DA:49,2
DA:50,3
DA:52,3
DA:53,0
DA:56,3
DA:57,0
DA:60,3
DA:61,0
DA:64,3
DA:65,0
DA:68,3
DA:69,0
DA:72,3
DA:83,2
DA:84,3
DA:92,2
DA:93,3
DA:100,2
DA:101,0
DA:102,0
DA:104,0
DA:114,2
DA:115,3
DA:116,3
DA:118,3
DA:124,2
LF:42
LH:30
BRDA:9,0,0,2
BRDA:9,0,1,0
BRDA:52,1,0,0
BRDA:52,1,1,3
BRDA:56,2,0,0
BRDA:56,2,1,3
BRDA:60,3,0,0
BRDA:60,3,1,3
BRDA:64,4,0,0
BRDA:64,4,1,3
BRDA:68,5,0,0
BRDA:68,5,1,3
BRDA:83,6,0,3
BRF:13
BRH:7
end_of_record
TN:
SF:src/validators/auth.validator.js
FNF:0
FNH:0
DA:6,2
DA:11,2
DA:49,2
DA:63,2
DA:72,2
DA:81,2
DA:91,2
DA:105,2
DA:119,2
DA:139,2
LF:10
LH:10
BRF:0
BRH:0
end_of_record
